Copyright 1986-2019 Xilinx, Inc. All Rights Reserved.
------------------------------------------------------------------------------------
| Tool Version : Vivado v.2019.2 (win64) Build 2708876 Wed Nov  6 21:40:23 MST 2019
| Date         : Wed Apr 15 16:37:17 2020
| Host         : LAPTOP-AEDG5TQK running 64-bit major release  (build 9200)
| Command      : upgrade_ip
| Device       : xc7a35tfgg484-2
------------------------------------------------------------------------------------

Upgrade Log for IP 'myip_0'

1. Summary
----------

SUCCESS in the upgrade of myip_0 (xilinx.com:user:myip:1.0) from (Rev. 3) to (Rev. 4)






Copyright 1986-2019 Xilinx, Inc. All Rights Reserved.
------------------------------------------------------------------------------------
| Tool Version : Vivado v.2019.2 (win64) Build 2708876 Wed Nov  6 21:40:23 MST 2019
| Date         : Mon Apr 13 17:18:52 2020
| Host         : LAPTOP-AEDG5TQK running 64-bit major release  (build 9200)
| Command      : upgrade_ip
| Device       : xc7a35tfgg484-2
------------------------------------------------------------------------------------

Upgrade Log for IP 'myip_0'

1. Summary
----------

CAUTION (success, with warnings) in the upgrade of myip_0 (xilinx.com:user:myip:1.0) from (Rev. 2) to (Rev. 3)

After upgrade, an IP may have parameter and port differences compared to the original customization. Please review the parameters within the IP customization GUI to ensure proper functionality. Also, please review the updated IP instantiation template to ensure proper connectivity, and update your design if required.

2. Connection Warnings
----------------------

Detected external port differences while upgrading 'myip_0'. These changes may impact your design.


-Upgrade has added port 'dout'


