Vivado Simulator 2019.2
Copyright 1986-1999, 2001-2019 Xilinx, Inc. All Rights Reserved.
Running: C:/Xilinx/Vivado/2019.2/bin/unwrapped/win64.o/xelab.exe -wto 06da8b95d90b43f49b8005c753820d43 --incr --debug typical --relax --mt 2 -L xil_defaultlib -L unisims_ver -L unimacro_ver -L secureip -L xpm --snapshot testbench_behav xil_defaultlib.testbench xil_defaultlib.glbl -log elaborate.log 
Using 2 slave threads.
Starting static elaboration
Pass Through NonSizing Optimizer
WARNING: [VRFC 10-3091] actual bit length 1 differs from formal bit length 8 for port 'cout' [C:/Users/q1109/OneDrive/RISC_V/RISC_V.srcs/sources_1/new/ADD32.v:34]
WARNING: [VRFC 10-3091] actual bit length 1 differs from formal bit length 8 for port 'cout' [C:/Users/q1109/OneDrive/RISC_V/RISC_V.srcs/sources_1/new/ADD32.v:35]
WARNING: [VRFC 10-3091] actual bit length 1 differs from formal bit length 8 for port 'cout' [C:/Users/q1109/OneDrive/RISC_V/RISC_V.srcs/sources_1/new/ADD32.v:36]
WARNING: [VRFC 10-3091] actual bit length 1 differs from formal bit length 8 for port 'cout' [C:/Users/q1109/OneDrive/RISC_V/RISC_V.srcs/sources_1/new/ADD32.v:37]
Completed static elaboration
Starting simulation data flow analysis
Completed simulation data flow analysis
Time Resolution for simulation is 1ps
Compiling module xil_defaultlib.Decoder
Compiling module xil_defaultlib.register
Compiling module xil_defaultlib.operand_generator
Compiling module xil_defaultlib.Instr_Decode
Compiling module xil_defaultlib.ADD1
Compiling module xil_defaultlib.ADD8
Compiling module xil_defaultlib.ADD32
Compiling module xil_defaultlib.ALU
Compiling module xil_defaultlib.shifter
Compiling module xil_defaultlib.EX
Compiling module xil_defaultlib.model_test
Compiling module xil_defaultlib.testbench
Compiling module xil_defaultlib.glbl
Built simulation snapshot testbench_behav
