INFO: [VRFC 10-2263] Analyzing Verilog file "C:/Users/q1109/OneDrive/RISC_V/RISC_V.srcs/sources_1/ip/RAM32/sim/RAM32.v" into library xil_defaultlib
INFO: [VRFC 10-311] analyzing module RAM32
INFO: [VRFC 10-2263] Analyzing Verilog file "C:/Users/q1109/OneDrive/RISC_V/RISC_V.srcs/sources_1/ip/ila_0/sim/ila_0.v" into library xil_defaultlib
INFO: [VRFC 10-311] analyzing module ila_0
INFO: [VRFC 10-2263] Analyzing Verilog file "C:/Users/q1109/OneDrive/RISC_V/RISC_V.srcs/sources_1/ip/ROM_8/sim/ROM_8.v" into library xil_defaultlib
INFO: [VRFC 10-311] analyzing module ROM_8
INFO: [VRFC 10-2263] Analyzing Verilog file "C:/Users/q1109/OneDrive/RISC_V/RISC_V.srcs/sources_1/ip/myip_0/hdl/myip_v1_0_S00_AXI.v" into library xil_defaultlib
INFO: [VRFC 10-311] analyzing module myip_v1_0_S00_AXI
INFO: [VRFC 10-2263] Analyzing Verilog file "C:/Users/q1109/OneDrive/RISC_V/RISC_V.srcs/sources_1/ip/myip_0/hdl/myip_v1_0.v" into library xil_defaultlib
INFO: [VRFC 10-311] analyzing module myip_v1_0
INFO: [VRFC 10-2263] Analyzing Verilog file "C:/Users/q1109/OneDrive/RISC_V/RISC_V.srcs/sources_1/ip/myip_0/sim/myip_0.v" into library xil_defaultlib
INFO: [VRFC 10-311] analyzing module myip_0
INFO: [VRFC 10-2263] Analyzing Verilog file "C:/Users/q1109/OneDrive/RISC_V/RISC_V.srcs/sources_1/new/ADD1.v" into library xil_defaultlib
INFO: [VRFC 10-311] analyzing module ADD1
INFO: [VRFC 10-2263] Analyzing Verilog file "C:/Users/q1109/OneDrive/RISC_V/RISC_V.srcs/sources_1/new/ADD32.v" into library xil_defaultlib
INFO: [VRFC 10-311] analyzing module ADD32
INFO: [VRFC 10-2263] Analyzing Verilog file "C:/Users/q1109/OneDrive/RISC_V/RISC_V.srcs/sources_1/new/ADD8.v" into library xil_defaultlib
INFO: [VRFC 10-311] analyzing module ADD8
INFO: [VRFC 10-2263] Analyzing Verilog file "C:/Users/q1109/OneDrive/RISC_V/RISC_V.srcs/sources_1/new/ALU.v" into library xil_defaultlib
INFO: [VRFC 10-311] analyzing module ALU
INFO: [VRFC 10-2263] Analyzing Verilog file "C:/Users/q1109/OneDrive/RISC_V/RISC_V.srcs/sources_1/new/AXI.v" into library xil_defaultlib
INFO: [VRFC 10-311] analyzing module AXI
INFO: [VRFC 10-2263] Analyzing Verilog file "C:/Users/q1109/OneDrive/RISC_V/RISC_V.srcs/sources_1/new/BTB.v" into library xil_defaultlib
INFO: [VRFC 10-311] analyzing module BTB
INFO: [VRFC 10-2263] Analyzing Verilog file "C:/Users/q1109/OneDrive/RISC_V/RISC_V.srcs/sources_1/new/CPU.v" into library xil_defaultlib
INFO: [VRFC 10-311] analyzing module CPU
INFO: [VRFC 10-2458] undeclared symbol ddin, assumed default net type wire [C:/Users/q1109/OneDrive/RISC_V/RISC_V.srcs/sources_1/new/CPU.v:46]
INFO: [VRFC 10-2263] Analyzing Verilog file "C:/Users/q1109/OneDrive/RISC_V/RISC_V.srcs/sources_1/new/Decoder.v" into library xil_defaultlib
INFO: [VRFC 10-311] analyzing module Decoder
INFO: [VRFC 10-2263] Analyzing Verilog file "C:/Users/q1109/OneDrive/RISC_V/RISC_V.srcs/sources_1/new/EX.v" into library xil_defaultlib
INFO: [VRFC 10-311] analyzing module EX
INFO: [VRFC 10-2263] Analyzing Verilog file "C:/Users/q1109/OneDrive/RISC_V/RISC_V.srcs/sources_1/new/IO.v" into library xil_defaultlib
INFO: [VRFC 10-311] analyzing module IO
INFO: [VRFC 10-2263] Analyzing Verilog file "C:/Users/q1109/OneDrive/RISC_V/RISC_V.srcs/sources_1/new/Instr_Decode.v" into library xil_defaultlib
INFO: [VRFC 10-311] analyzing module Instr_Decode
INFO: [VRFC 10-2263] Analyzing Verilog file "C:/Users/q1109/OneDrive/RISC_V/RISC_V.srcs/sources_1/new/Instr_Fetch.v" into library xil_defaultlib
INFO: [VRFC 10-311] analyzing module Instr_Fetch
INFO: [VRFC 10-2263] Analyzing Verilog file "C:/Users/q1109/OneDrive/RISC_V/RISC_V.srcs/sources_1/new/MEM.v" into library xil_defaultlib
INFO: [VRFC 10-311] analyzing module MEM
INFO: [VRFC 10-2263] Analyzing Verilog file "C:/Users/q1109/OneDrive/RISC_V/RISC_V.srcs/sources_1/new/PC.v" into library xil_defaultlib
INFO: [VRFC 10-311] analyzing module PC
INFO: [VRFC 10-2263] Analyzing Verilog file "C:/Users/q1109/OneDrive/RISC_V/RISC_V.srcs/sources_1/new/PHT.v" into library xil_defaultlib
INFO: [VRFC 10-311] analyzing module PHT
INFO: [VRFC 10-2263] Analyzing Verilog file "C:/Users/q1109/OneDrive/RISC_V/RISC_V.srcs/sources_1/new/Pipeline.v" into library xil_defaultlib
INFO: [VRFC 10-311] analyzing module Pipeline
WARNING: [VRFC 10-3380] identifier 'ex_mem_in_write_reg_ce' is used before its declaration [C:/Users/q1109/OneDrive/RISC_V/RISC_V.srcs/sources_1/new/Pipeline.v:138]
WARNING: [VRFC 10-3380] identifier 'ex_mem_in_write_reg_addr' is used before its declaration [C:/Users/q1109/OneDrive/RISC_V/RISC_V.srcs/sources_1/new/Pipeline.v:140]
WARNING: [VRFC 10-3380] identifier 'ex_mem_in_res' is used before its declaration [C:/Users/q1109/OneDrive/RISC_V/RISC_V.srcs/sources_1/new/Pipeline.v:142]
WARNING: [VRFC 10-3380] identifier 'mem_wb_in_reg_en' is used before its declaration [C:/Users/q1109/OneDrive/RISC_V/RISC_V.srcs/sources_1/new/Pipeline.v:145]
WARNING: [VRFC 10-3380] identifier 'mem_wb_in_reg_addr' is used before its declaration [C:/Users/q1109/OneDrive/RISC_V/RISC_V.srcs/sources_1/new/Pipeline.v:147]
WARNING: [VRFC 10-3380] identifier 'mem_wb_in_mem_en' is used before its declaration [C:/Users/q1109/OneDrive/RISC_V/RISC_V.srcs/sources_1/new/Pipeline.v:149]
WARNING: [VRFC 10-3380] identifier 'mem_wb_in_ex_res' is used before its declaration [C:/Users/q1109/OneDrive/RISC_V/RISC_V.srcs/sources_1/new/Pipeline.v:150]
WARNING: [VRFC 10-3380] identifier 'ex_mem_in_csr_we' is used before its declaration [C:/Users/q1109/OneDrive/RISC_V/RISC_V.srcs/sources_1/new/Pipeline.v:165]
WARNING: [VRFC 10-3380] identifier 'ex_mem_in_csr_write_addr' is used before its declaration [C:/Users/q1109/OneDrive/RISC_V/RISC_V.srcs/sources_1/new/Pipeline.v:167]
WARNING: [VRFC 10-3380] identifier 'ex_mem_in_res' is used before its declaration [C:/Users/q1109/OneDrive/RISC_V/RISC_V.srcs/sources_1/new/Pipeline.v:169]
WARNING: [VRFC 10-3380] identifier 'mem_wb_in_csr_we' is used before its declaration [C:/Users/q1109/OneDrive/RISC_V/RISC_V.srcs/sources_1/new/Pipeline.v:172]
WARNING: [VRFC 10-3380] identifier 'mem_wb_in_csr_write_addr' is used before its declaration [C:/Users/q1109/OneDrive/RISC_V/RISC_V.srcs/sources_1/new/Pipeline.v:174]
WARNING: [VRFC 10-3380] identifier 'mem_wb_in_ex_res' is used before its declaration [C:/Users/q1109/OneDrive/RISC_V/RISC_V.srcs/sources_1/new/Pipeline.v:176]
INFO: [VRFC 10-2263] Analyzing Verilog file "C:/Users/q1109/OneDrive/RISC_V/RISC_V.srcs/sources_1/new/ROM.v" into library xil_defaultlib
INFO: [VRFC 10-311] analyzing module ROM
INFO: [VRFC 10-2263] Analyzing Verilog file "C:/Users/q1109/OneDrive/RISC_V/RISC_V.srcs/sources_1/new/WB.v" into library xil_defaultlib
INFO: [VRFC 10-311] analyzing module WB
INFO: [VRFC 10-2263] Analyzing Verilog file "C:/Users/q1109/OneDrive/RISC_V/RISC_V.srcs/sources_1/new/adder4.v" into library xil_defaultlib
INFO: [VRFC 10-311] analyzing module adder4
INFO: [VRFC 10-2263] Analyzing Verilog file "C:/Users/q1109/OneDrive/RISC_V/RISC_V.srcs/sources_1/new/ctrl.v" into library xil_defaultlib
INFO: [VRFC 10-311] analyzing module ctrl
INFO: [VRFC 10-2263] Analyzing Verilog file "C:/Users/q1109/OneDrive/RISC_V/RISC_V.srcs/sources_1/new/de_ex.v" into library xil_defaultlib
INFO: [VRFC 10-311] analyzing module de_ex
INFO: [VRFC 10-2263] Analyzing Verilog file "C:/Users/q1109/OneDrive/RISC_V/RISC_V.srcs/sources_1/new/dec.v" into library xil_defaultlib
INFO: [VRFC 10-311] analyzing module dec
INFO: [VRFC 10-2263] Analyzing Verilog file "C:/Users/q1109/OneDrive/RISC_V/RISC_V.srcs/sources_1/new/ex_mem.v" into library xil_defaultlib
INFO: [VRFC 10-311] analyzing module ex_mem
INFO: [VRFC 10-2263] Analyzing Verilog file "C:/Users/q1109/OneDrive/RISC_V/RISC_V.srcs/sources_1/new/fet_dec.v" into library xil_defaultlib
INFO: [VRFC 10-311] analyzing module fet_dec
INFO: [VRFC 10-2263] Analyzing Verilog file "C:/Users/q1109/OneDrive/RISC_V/RISC_V.srcs/sources_1/new/ins_val.v" into library xil_defaultlib
INFO: [VRFC 10-311] analyzing module ins_val
INFO: [VRFC 10-2263] Analyzing Verilog file "C:/Users/q1109/OneDrive/RISC_V/RISC_V.srcs/sources_1/new/mem_wb.v" into library xil_defaultlib
INFO: [VRFC 10-311] analyzing module mem_wb
INFO: [VRFC 10-2263] Analyzing Verilog file "C:/Users/q1109/OneDrive/RISC_V/RISC_V.srcs/sources_1/new/operand_generator.v" into library xil_defaultlib
INFO: [VRFC 10-311] analyzing module operand_generator
INFO: [VRFC 10-2263] Analyzing Verilog file "C:/Users/q1109/OneDrive/RISC_V/RISC_V.srcs/sources_1/new/pc_sel.v" into library xil_defaultlib
INFO: [VRFC 10-311] analyzing module pc_sel
INFO: [VRFC 10-2263] Analyzing Verilog file "C:/Users/q1109/OneDrive/RISC_V/RISC_V.srcs/sources_1/new/register.v" into library xil_defaultlib
INFO: [VRFC 10-311] analyzing module register
INFO: [VRFC 10-2263] Analyzing Verilog file "C:/Users/q1109/OneDrive/RISC_V/RISC_V.srcs/sources_1/new/shifter.v" into library xil_defaultlib
INFO: [VRFC 10-311] analyzing module shifter
INFO: [VRFC 10-2263] Analyzing Verilog file "C:/Users/q1109/OneDrive/RISC_V/RISC_V.srcs/sim_1/new/testbench.v" into library xil_defaultlib
INFO: [VRFC 10-311] analyzing module testbench
