INFO: [VRFC 10-2263] Analyzing Verilog file "C:/Users/q1109/OneDrive/RISC_V/RISC_V.sim/sim_1/synth/timing/xsim/testbench_time_synth.v" into library xil_defaultlib
INFO: [VRFC 10-311] analyzing module ALU
INFO: [VRFC 10-311] analyzing module BTB
INFO: [VRFC 10-311] analyzing module EX
INFO: [VRFC 10-311] analyzing module Instr_Decode
INFO: [VRFC 10-311] analyzing module Instr_Fetch
INFO: [VRFC 10-311] analyzing module MEM
INFO: [VRFC 10-311] analyzing module PC
INFO: [VRFC 10-311] analyzing module PHT
INFO: [VRFC 10-311] analyzing module Pipeline
INFO: [VRFC 10-311] analyzing module RAM32
INFO: [VRFC 10-311] analyzing module ROM
INFO: [VRFC 10-311] analyzing module ROM_8
INFO: [VRFC 10-311] analyzing module WB
INFO: [VRFC 10-311] analyzing module adder4
INFO: [VRFC 10-311] analyzing module ctrl
INFO: [VRFC 10-311] analyzing module de_ex
INFO: [VRFC 10-311] analyzing module ex_mem
INFO: [VRFC 10-311] analyzing module fet_dec
INFO: [VRFC 10-311] analyzing module ins_val
INFO: [VRFC 10-311] analyzing module mem_wb
INFO: [VRFC 10-311] analyzing module register
INFO: [VRFC 10-311] analyzing module shifter
INFO: [VRFC 10-311] analyzing module RAM32__bindec
INFO: [VRFC 10-311] analyzing module RAM32__blk_mem_gen_generic_cstr
INFO: [VRFC 10-311] analyzing module RAM32__blk_mem_gen_mux
INFO: [VRFC 10-311] analyzing module RAM32__blk_mem_gen_prim_width
INFO: [VRFC 10-311] analyzing module RAM32__blk_mem_gen_prim_width__parameterized0
INFO: [VRFC 10-311] analyzing module RAM32__blk_mem_gen_prim_width__parameterized1
INFO: [VRFC 10-311] analyzing module RAM32__blk_mem_gen_prim_width__parameterized10
INFO: [VRFC 10-311] analyzing module RAM32__blk_mem_gen_prim_width__parameterized11
INFO: [VRFC 10-311] analyzing module RAM32__blk_mem_gen_prim_width__parameterized12
INFO: [VRFC 10-311] analyzing module RAM32__blk_mem_gen_prim_width__parameterized13
INFO: [VRFC 10-311] analyzing module RAM32__blk_mem_gen_prim_width__parameterized2
INFO: [VRFC 10-311] analyzing module RAM32__blk_mem_gen_prim_width__parameterized3
INFO: [VRFC 10-311] analyzing module RAM32__blk_mem_gen_prim_width__parameterized4
INFO: [VRFC 10-311] analyzing module RAM32__blk_mem_gen_prim_width__parameterized5
INFO: [VRFC 10-311] analyzing module RAM32__blk_mem_gen_prim_width__parameterized6
INFO: [VRFC 10-311] analyzing module RAM32__blk_mem_gen_prim_width__parameterized7
INFO: [VRFC 10-311] analyzing module RAM32__blk_mem_gen_prim_width__parameterized8
INFO: [VRFC 10-311] analyzing module RAM32__blk_mem_gen_prim_width__parameterized9
INFO: [VRFC 10-311] analyzing module RAM32__blk_mem_gen_prim_wrapper_init
INFO: [VRFC 10-311] analyzing module RAM32__blk_mem_gen_prim_wrapper_init__parameterized0
INFO: [VRFC 10-311] analyzing module RAM32__blk_mem_gen_prim_wrapper_init__parameterized1
INFO: [VRFC 10-311] analyzing module RAM32__blk_mem_gen_prim_wrapper_init__parameterized10
INFO: [VRFC 10-311] analyzing module RAM32__blk_mem_gen_prim_wrapper_init__parameterized11
INFO: [VRFC 10-311] analyzing module RAM32__blk_mem_gen_prim_wrapper_init__parameterized12
INFO: [VRFC 10-311] analyzing module RAM32__blk_mem_gen_prim_wrapper_init__parameterized13
INFO: [VRFC 10-311] analyzing module RAM32__blk_mem_gen_prim_wrapper_init__parameterized2
INFO: [VRFC 10-311] analyzing module RAM32__blk_mem_gen_prim_wrapper_init__parameterized3
INFO: [VRFC 10-311] analyzing module RAM32__blk_mem_gen_prim_wrapper_init__parameterized4
INFO: [VRFC 10-311] analyzing module RAM32__blk_mem_gen_prim_wrapper_init__parameterized5
INFO: [VRFC 10-311] analyzing module RAM32__blk_mem_gen_prim_wrapper_init__parameterized6
INFO: [VRFC 10-311] analyzing module RAM32__blk_mem_gen_prim_wrapper_init__parameterized7
INFO: [VRFC 10-311] analyzing module RAM32__blk_mem_gen_prim_wrapper_init__parameterized8
INFO: [VRFC 10-311] analyzing module RAM32__blk_mem_gen_prim_wrapper_init__parameterized9
INFO: [VRFC 10-311] analyzing module RAM32__blk_mem_gen_top
INFO: [VRFC 10-311] analyzing module RAM32__blk_mem_gen_v8_4_4
INFO: [VRFC 10-311] analyzing module RAM32__blk_mem_gen_v8_4_4_synth
INFO: [VRFC 10-311] analyzing module ROM_8__dist_mem_gen_v8_0_13
INFO: [VRFC 10-311] analyzing module ROM_8__dist_mem_gen_v8_0_13_synth
INFO: [VRFC 10-311] analyzing module ROM_8__rom
INFO: [VRFC 10-311] analyzing module glbl
INFO: [VRFC 10-2263] Analyzing Verilog file "C:/Users/q1109/OneDrive/RISC_V/RISC_V.srcs/sim_1/new/testbench.v" into library xil_defaultlib
INFO: [VRFC 10-311] analyzing module testbench
