#
# A fatal error has been detected by the Java Runtime Environment:
#
#  EXCEPTION_ACCESS_VIOLATION (0xc0000005) at pc=0x00007ff95b98dd98, pid=13004, tid=3740
#
# JRE version: Java(TM) SE Runtime Environment (9.0+11) (build 9.0.4+11)
# Java VM: Java HotSpot(TM) 64-Bit Server VM (9.0.4+11, mixed mode, tiered, compressed oops, g1 gc, windows-amd64)
# Problematic frame:
# C  0x00007ff95b98dd98
#
# No core dump will be written. Minidumps are not enabled by default on client versions of Windows
#
# If you would like to submit a bug report, please visit:
#   http://bugreport.java.com/bugreport/crash.jsp
# The crash happened outside the Java Virtual Machine in native code.
# See problematic frame for where to report the bug.
#

---------------  S U M M A R Y ------------

Command Line: -Dsun.java2d.pmoffscreen=false -Dsun.java2d.xrender=false -Dsun.java2d.d3d=false -Dsun.awt.nopixfmt=true -Dsun.java2d.dpiaware=true -Dsun.java2d.uiScale.enabled=false -Xverify:none -Dswing.aatext=true -XX:-UsePerfData -Djdk.map.althashing.threshold=512 -XX:StringTableSize=4072 --add-opens=java.base/java.nio=ALL-UNNAMED --add-opens=java.desktop/sun.swing=ALL-UNNAMED --add-opens=java.desktop/javax.swing=ALL-UNNAMED --add-opens=java.desktop/javax.swing.tree=ALL-UNNAMED --add-opens=java.desktop/javax.swing.plaf.basic=ALL-UNNAMED --add-opens=java.desktop/javax.swing.plaf.synth=ALL-UNNAMED --add-opens=java.desktop/com.sun.awt=ALL-UNNAMED -XX:NewSize=60m -XX:MaxNewSize=60m -Xms128m -Xmx3072m -Xss5m 

Host: Intel(R) Core(TM) i7-6700HQ CPU @ 2.60GHz, 8 cores, 7G,  Windows 10 , 64 bit Build 18362 (10.0.18362.329)
Time: Sun Feb 16 19:57:15 2020 ?D1¨²¡À¨º¡Á?¨º¡À?? elapsed time: 5507 seconds (0d 1h 31m 47s)

---------------  T H R E A D  ---------------

Current thread (0x000001a0db739000):  JavaThread "AWT-EventQueue-1" [_thread_in_native, id=3740, stack(0x000000179f400000,0x000000179f900000)]

Stack: [0x000000179f400000,0x000000179f900000],  sp=0x000000179f8f3fa8,  free space=5071k
Native frames: (J=compiled Java code, j=interpreted, Vv=VM code, C=native code)
C  0x00007ff95b98dd98

Java frames: (J=compiled Java code, j=interpreted, Vv=VM code)
J 25696  ui.views.waveform.waveformi.WVExecutive_getNameDataSize(J)J (0 bytes) @ 0x000001a0cbbf6921 [0x000001a0cbbf68e0+0x0000000000000041]
J 25695 c1 ui.views.waveform.executive.a.hat()Lui/views/waveform/executive/protobuf/WVNameValue$WVNameTreeMessage; (70 bytes) @ 0x000001a0c5eb80a4 [0x000001a0c5eb8020+0x0000000000000084]
J 25495 c1 ui.views.waveform.f.a.haX()Ljavax/swing/tree/TreeModel; (136 bytes) @ 0x000001a0c5e356d4 [0x000001a0c5e355c0+0x0000000000000114]
J 25688 c1 ui.views.waveform.f.a.cZO()V (54 bytes) @ 0x000001a0c5eae9fc [0x000001a0c5eae980+0x000000000000007c]
J 25647 c1 ui.views.waveform.w.cZO()V (38 bytes) @ 0x000001a0c5e96134 [0x000001a0c5e95780+0x00000000000009b4]
J 25417 c1 ui.views.waveform.c.b.j(Lui/frmwork/b/i;)V (603 bytes) @ 0x000001a0c5df0f0c [0x000001a0c5de7d00+0x000000000000920c]
J 25416 c1 ui.views.waveform.w.a(Lui/frmwork/b/i;)V (17 bytes) @ 0x000001a0c5de6894 [0x000001a0c5de67c0+0x00000000000000d4]
J 16020 c1 ui.frmwork.b.l.d(Lui/frmwork/b/i;)V (61 bytes) @ 0x000001a0c31fce1c [0x000001a0c31fc5c0+0x000000000000085c]
J 27885 c1 ui.frmwork.G.i(JZ)V (471 bytes) @ 0x000001a0c5ca7ff4 [0x000001a0c5ca3840+0x00000000000047b4]
J 27867 c1 ui.frmwork.G.fireTclEvent(J)I (113 bytes) @ 0x000001a0c5ab027c [0x000001a0c5aafaa0+0x00000000000007dc]
v  ~StubRoutines::call_stub
j  ui.views.waveform.waveformi.WVExecutive_setViewportSize(JII)V+0
j  ui.views.waveform.executive.a.eF(II)V+62
j  ui.views.waveform.c.b.gYT()V+131
j  ui.views.waveform.v.componentResized(Ljava/awt/event/ComponentEvent;)V+10
J 18325 c1 java.awt.AWTEventMulticaster.componentResized(Ljava/awt/event/ComponentEvent;)V java.desktop@9.0.4 (27 bytes) @ 0x000001a0c468e5c4 [0x000001a0c468e200+0x00000000000003c4]
J 27738 c2 java.awt.Component.processComponentEvent(Ljava/awt/event/ComponentEvent;)V java.desktop@9.0.4 (82 bytes) @ 0x000001a0cbe5729c [0x000001a0cbe57220+0x000000000000007c]
J 25868 c2 java.awt.Container.processEvent(Ljava/awt/AWTEvent;)V java.desktop@9.0.4 (22 bytes) @ 0x000001a0cbc3f274 [0x000001a0cbc3f0a0+0x00000000000001d4]
J 27667 c2 java.awt.Component.dispatchEventImpl(Ljava/awt/AWTEvent;)V java.desktop@9.0.4 (739 bytes) @ 0x000001a0cbe311f4 [0x000001a0cbe30820+0x00000000000009d4]
J 23996 c2 java.awt.Container.dispatchEventImpl(Ljava/awt/AWTEvent;)V java.desktop@9.0.4 (129 bytes) @ 0x000001a0cb0ec524 [0x000001a0cb0ec4c0+0x0000000000000064]
J 14786 c2 java.awt.EventQueue$3.run()Ljava/lang/Object; java.desktop@9.0.4 (5 bytes) @ 0x000001a0cafe733c [0x000001a0cafe7180+0x00000000000001bc]
v  ~StubRoutines::call_stub
J 3750  java.security.AccessController.doPrivileged(Ljava/security/PrivilegedAction;Ljava/security/AccessControlContext;)Ljava/lang/Object; java.base@9.0.4 (0 bytes) @ 0x000001a0ca5611c6 [0x000001a0ca561160+0x0000000000000066]
J 19445 c2 java.awt.EventQueue$4.run()Ljava/lang/Object; java.desktop@9.0.4 (5 bytes) @ 0x000001a0cb5056c0 [0x000001a0cb505460+0x0000000000000260]
v  ~StubRoutines::call_stub
J 3750  java.security.AccessController.doPrivileged(Ljava/security/PrivilegedAction;Ljava/security/AccessControlContext;)Ljava/lang/Object; java.base@9.0.4 (0 bytes) @ 0x000001a0ca5611c6 [0x000001a0ca561160+0x0000000000000066]
J 14148 c2 ui.frmwork.b.d.dispatchEvent(Ljava/awt/AWTEvent;)V (34 bytes) @ 0x000001a0caee6328 [0x000001a0caee5f00+0x0000000000000428]
J 21331 c2 java.awt.EventDispatchThread.pumpOneEventForFilters(I)V java.desktop@9.0.4 (218 bytes) @ 0x000001a0cb2a1904 [0x000001a0cb2a1680+0x0000000000000284]
J 24725 c2 java.awt.EventDispatchThread.pumpEventsForFilter(ILjava/awt/Conditional;Ljava/awt/EventFilter;)V java.desktop@9.0.4 (47 bytes) @ 0x000001a0cab79e0c [0x000001a0cab79c60+0x00000000000001ac]
j  java.awt.EventDispatchThread.pumpEventsForFilter(Ljava/awt/Conditional;Ljava/awt/EventFilter;)V+4 java.desktop@9.0.4
j  java.awt.WaitDispatchSupport$2.run()V+59 java.desktop@9.0.4
j  java.awt.WaitDispatchSupport$4.run()Ljava/lang/Void;+4 java.desktop@9.0.4
j  java.awt.WaitDispatchSupport$4.run()Ljava/lang/Object;+1 java.desktop@9.0.4
v  ~StubRoutines::call_stub
J 994  java.security.AccessController.doPrivileged(Ljava/security/PrivilegedAction;)Ljava/lang/Object; java.base@9.0.4 (0 bytes) @ 0x000001a0ca3c89b2 [0x000001a0ca3c8960+0x0000000000000052]
j  java.awt.WaitDispatchSupport.enter()Z+260 java.desktop@9.0.4
j  java.awt.Dialog.show()V+225 java.desktop@9.0.4
J 6983 c1 java.awt.Component.setVisible(Z)V java.desktop@9.0.4 (6 bytes) @ 0x000001a0c3d3c94c [0x000001a0c3d3c760+0x00000000000001ec]
j  java.awt.Window.setVisible(Z)V+2 java.desktop@9.0.4
j  java.awt.Dialog.setVisible(Z)V+2 java.desktop@9.0.4
j  ui.b.c.g.setVisible(Z)V+2
j  ui.b.c.bB.showDialog()V+64
j  ui.b.c.bI.actionPerformed(Ljava/awt/event/ActionEvent;)V+8
j  ui.b.c.bB.cSz()V+396
j  ui.views.c.t.b.a.run()V+60
j  ui.frmwork.a.epE()Z+66
j  ui.frmwork.Y.erq()V+42
j  ui.bm.actionPerformed(Ljava/awt/event/ActionEvent;)V+25
j  javax.swing.AbstractButton.fireActionPerformed(Ljava/awt/event/ActionEvent;)V+84 java.desktop@9.0.4
j  ui.utils.p.b.E.fireActionPerformed(Ljava/awt/event/ActionEvent;)V+7
j  javax.swing.AbstractButton$Handler.actionPerformed(Ljava/awt/event/ActionEvent;)V+5 java.desktop@9.0.4
j  javax.swing.DefaultButtonModel.fireActionPerformed(Ljava/awt/event/ActionEvent;)V+34 java.desktop@9.0.4
j  javax.swing.DefaultButtonModel.setPressed(Z)V+117 java.desktop@9.0.4
j  javax.swing.plaf.basic.BasicButtonListener.mouseReleased(Ljava/awt/event/MouseEvent;)V+35 java.desktop@9.0.4
j  com.jidesoft.plaf.basic.BasicJideButtonListener.mouseReleased(Ljava/awt/event/MouseEvent;)V+61
J 24169 c1 java.awt.AWTEventMulticaster.mouseReleased(Ljava/awt/event/MouseEvent;)V java.desktop@9.0.4 (27 bytes) @ 0x000001a0c452e90c [0x000001a0c452e700+0x000000000000020c]
J 24169 c1 java.awt.AWTEventMulticaster.mouseReleased(Ljava/awt/event/MouseEvent;)V java.desktop@9.0.4 (27 bytes) @ 0x000001a0c452e90c [0x000001a0c452e700+0x000000000000020c]
J 24169 c1 java.awt.AWTEventMulticaster.mouseReleased(Ljava/awt/event/MouseEvent;)V java.desktop@9.0.4 (27 bytes) @ 0x000001a0c452e90c [0x000001a0c452e700+0x000000000000020c]
J 24169 c1 java.awt.AWTEventMulticaster.mouseReleased(Ljava/awt/event/MouseEvent;)V java.desktop@9.0.4 (27 bytes) @ 0x000001a0c452e90c [0x000001a0c452e700+0x000000000000020c]
J 18889 c1 java.awt.Component.processMouseEvent(Ljava/awt/event/MouseEvent;)V java.desktop@9.0.4 (100 bytes) @ 0x000001a0c4b3b234 [0x000001a0c4b3aea0+0x0000000000000394]
J 18974 c1 javax.swing.JComponent.processMouseEvent(Ljava/awt/event/MouseEvent;)V java.desktop@9.0.4 (27 bytes) @ 0x000001a0c4cbd76c [0x000001a0c4cbd560+0x000000000000020c]
J 25868 c2 java.awt.Container.processEvent(Ljava/awt/AWTEvent;)V java.desktop@9.0.4 (22 bytes) @ 0x000001a0cbc3f1b8 [0x000001a0cbc3f0a0+0x0000000000000118]
J 27667 c2 java.awt.Component.dispatchEventImpl(Ljava/awt/AWTEvent;)V java.desktop@9.0.4 (739 bytes) @ 0x000001a0cbe311f4 [0x000001a0cbe30820+0x00000000000009d4]
J 23996 c2 java.awt.Container.dispatchEventImpl(Ljava/awt/AWTEvent;)V java.desktop@9.0.4 (129 bytes) @ 0x000001a0cb0ec524 [0x000001a0cb0ec4c0+0x0000000000000064]
J 21026 c2 java.awt.LightweightDispatcher.retargetMouseEvent(Ljava/awt/Component;ILjava/awt/event/MouseEvent;)V java.desktop@9.0.4 (350 bytes) @ 0x000001a0cad7c1d4 [0x000001a0cad7bc20+0x00000000000005b4]
J 23996 c2 java.awt.Container.dispatchEventImpl(Ljava/awt/AWTEvent;)V java.desktop@9.0.4 (129 bytes) @ 0x000001a0cb0ec96c [0x000001a0cb0ec4c0+0x00000000000004ac]
J 26218 c2 java.awt.Window.dispatchEventImpl(Ljava/awt/AWTEvent;)V java.desktop@9.0.4 (23 bytes) @ 0x000001a0cac5db8c [0x000001a0cac5db40+0x000000000000004c]
J 14786 c2 java.awt.EventQueue$3.run()Ljava/lang/Object; java.desktop@9.0.4 (5 bytes) @ 0x000001a0cafe733c [0x000001a0cafe7180+0x00000000000001bc]
v  ~StubRoutines::call_stub
J 3750  java.security.AccessController.doPrivileged(Ljava/security/PrivilegedAction;Ljava/security/AccessControlContext;)Ljava/lang/Object; java.base@9.0.4 (0 bytes) @ 0x000001a0ca5611c6 [0x000001a0ca561160+0x0000000000000066]
J 19445 c2 java.awt.EventQueue$4.run()Ljava/lang/Object; java.desktop@9.0.4 (5 bytes) @ 0x000001a0cb5056c0 [0x000001a0cb505460+0x0000000000000260]
v  ~StubRoutines::call_stub
J 3750  java.security.AccessController.doPrivileged(Ljava/security/PrivilegedAction;Ljava/security/AccessControlContext;)Ljava/lang/Object; java.base@9.0.4 (0 bytes) @ 0x000001a0ca5611c6 [0x000001a0ca561160+0x0000000000000066]
J 14148 c2 ui.frmwork.b.d.dispatchEvent(Ljava/awt/AWTEvent;)V (34 bytes) @ 0x000001a0caee6328 [0x000001a0caee5f00+0x0000000000000428]
J 21331 c2 java.awt.EventDispatchThread.pumpOneEventForFilters(I)V java.desktop@9.0.4 (218 bytes) @ 0x000001a0cb2a1904 [0x000001a0cb2a1680+0x0000000000000284]
J 24500% c2 java.awt.EventDispatchThread.pumpEventsForFilter(ILjava/awt/Conditional;Ljava/awt/EventFilter;)V java.desktop@9.0.4 (47 bytes) @ 0x000001a0cba842d8 [0x000001a0cba841c0+0x0000000000000118]
j  java.awt.EventDispatchThread.pumpEventsForHierarchy(ILjava/awt/Conditional;Ljava/awt/Component;)V+11 java.desktop@9.0.4
j  java.awt.EventDispatchThread.pumpEvents(ILjava/awt/Conditional;)V+4 java.desktop@9.0.4
j  java.awt.EventDispatchThread.pumpEvents(Ljava/awt/Conditional;)V+3 java.desktop@9.0.4
j  java.awt.EventDispatchThread.run()V+9 java.desktop@9.0.4
v  ~StubRoutines::call_stub

siginfo: EXCEPTION_ACCESS_VIOLATION (0xc0000005), data execution prevention violation at address 0x00007ff95b98dd98


Register to memory mapping:

RIP=0x00007ff95b98dd98 is an unknown value
RAX=0x000001a1161a9e10 is an unknown value
RBX=0x000001a1161a9e10 is an unknown value
RCX=0x000001a1161a9e10 is an unknown value
RDX=0x00007ff95b931620 is an unknown value
RSP=0x000000179f8f3fa8 is pointing into the stack for thread: 0x000001a0db739000
RBP=0x000000179f8f4029 is pointing into the stack for thread: 0x000001a0db739000
RSI=0x00007ff95b92b5f8 is an unknown value
RDI=0x000000179f8f40d8 is pointing into the stack for thread: 0x000001a0db739000
R8 =0x0000000000000006 is an unknown value
R9 =0x0000000000000000 is an unknown value
R10=0x0000000000000000 is an unknown value
R11=0x000000179f8f3f80 is pointing into the stack for thread: 0x000001a0db739000
R12=0x0000000000000000 is an unknown value
R13=0x000000179f8f41f0 is pointing into the stack for thread: 0x000001a0db739000
R14=0x000001a087df9b40 is an unknown value
R15=0x0000000000000000 is an unknown value


Registers:
RAX=0x000001a1161a9e10, RBX=0x000001a1161a9e10, RCX=0x000001a1161a9e10, RDX=0x00007ff95b931620
RSP=0x000000179f8f3fa8, RBP=0x000000179f8f4029, RSI=0x00007ff95b92b5f8, RDI=0x000000179f8f40d8
R8 =0x0000000000000006, R9 =0x0000000000000000, R10=0x0000000000000000, R11=0x000000179f8f3f80
R12=0x0000000000000000, R13=0x000000179f8f41f0, R14=0x000001a087df9b40, R15=0x0000000000000000
RIP=0x00007ff95b98dd98, EFLAGS=0x0000000000010202

Top of Stack: (sp=0x000000179f8f3fa8)
0x000000179f8f3fa8:   00007ff95b78f5ce 000000179f8f4400
0x000000179f8f3fb8:   000001a087df9b58 00007ff95b92b5f8
0x000000179f8f3fc8:   0000000000000000 0000000000000000
0x000000179f8f3fd8:   00007ff9cb742596 0000000000000000
0x000000179f8f3fe8:   fffffffffffffffe 000000179f8f4000
0x000000179f8f3ff8:   000001a11244e9e0 0000000000000000
0x000000179f8f4008:   000000000000000f 0000000000000000
0x000000179f8f4018:   00007ff98cec95fe 0000000000000000
0x000000179f8f4028:   000000000000000f 616c6163532d7677
0x000000179f8f4038:   00007ff98c870072 0000000000000009
0x000000179f8f4048:   000000000000000f 00000521ee6b64ae
0x000000179f8f4058:   0000000000000000 000001a11244e9b0
0x000000179f8f4068:   0000000000000000 0000000000000000
0x000000179f8f4078:   000000179f8f4400 0000000000000000
0x000000179f8f4088:   00007ff95b78ebb0 000000179f8f4400
0x000000179f8f4098:   00007ff98cf78aad 000000179f8f4400 

Instructions: (pc=0x00007ff95b98dd98)
0x00007ff95b98dd78:   00 00 00 00 ff ff ff ff 00 00 00 00 40 00 00 00
0x00007ff95b98dd88:   38 dd 46 00 00 00 00 00 00 00 00 00 00 00 00 00
0x00007ff95b98dd98:   01 00 00 00 00 00 00 00 00 00 00 00 90 6b 5a 00
0x00007ff95b98dda8:   c0 dd 46 00 98 dd 46 00 00 00 00 00 00 00 00 00 



---------------  P R O C E S S  ---------------

Java Threads: ( => current thread )
  0x000001a081874800 JavaThread "Relaunch Simulation Thread" [_thread_blocked, id=7656, stack(0x00000017a4000000,0x00000017a4500000)]
  0x000001a1088b6800 JavaThread "Image Animator 3" daemon [_thread_blocked, id=12164, stack(0x00000017a4a00000,0x00000017a4f00000)]
  0x000001a1088b8800 JavaThread "ForkJoinPool.commonPool-worker-9" daemon [_thread_blocked, id=13660, stack(0x00000017a1d00000,0x00000017a2200000)]
  0x000001a0df011800 JavaThread "SyntheticaAnimation 50" daemon [_thread_blocked, id=11312, stack(0x00000017a3b00000,0x00000017a4000000)]
  0x000001a0df015800 JavaThread "SyntheticaAnimation 50" daemon [_thread_blocked, id=9388, stack(0x00000017a3100000,0x00000017a3600000)]
  0x000001a0df014000 JavaThread "Update Runs Swing Worker Thread" [_thread_blocked, id=8408, stack(0x00000017a3600000,0x00000017a3b00000)]
  0x000001a0df011000 JavaThread "hw_ila_monitor" [_thread_blocked, id=128, stack(0x00000017a2200000,0x00000017a2700000)]
  0x000001a0df012800 JavaThread "Refresh Filesets Swing Worker Thread" [_thread_blocked, id=7264, stack(0x00000017a1300000,0x00000017a1800000)]
  0x000001a0b8945000 JavaThread "SyntheticaAnimation 70" daemon [_thread_blocked, id=13176, stack(0x00000017a1800000,0x00000017a1d00000)]
  0x000001a0b894b000 JavaThread "Swing-Shell" daemon [_thread_blocked, id=12308, stack(0x000000179f900000,0x000000179fe00000)]
  0x000001a0b894a800 JavaThread "SyntheticaAnimation 25" daemon [_thread_blocked, id=12468, stack(0x00000017a0d00000,0x00000017a1200000)]
  0x000001a0b8949800 JavaThread "SyntheticaAnimation 50" daemon [_thread_blocked, id=12768, stack(0x00000017a0800000,0x00000017a0d00000)]
  0x000001a0b8947800 JavaThread "Monitor HEventQueue Thread" [_thread_blocked, id=12212, stack(0x00000017a0300000,0x00000017a0800000)]
  0x000001a0b8949000 JavaThread "SyntheticaCleanerThread" daemon [_thread_blocked, id=8680, stack(0x000000179fe00000,0x00000017a0300000)]
  0x000001a0b8944800 JavaThread "Batik CleanerThread" daemon [_thread_blocked, id=4120, stack(0x000000179e500000,0x000000179ea00000)]
=>0x000001a0db739000 JavaThread "AWT-EventQueue-1" [_thread_in_native, id=3740, stack(0x000000179f400000,0x000000179f900000)]
  0x000001a0b4ef3800 JavaThread "AWT-Shutdown" [_thread_blocked, id=8076, stack(0x000000179ef00000,0x000000179f400000)]
  0x000001a0dd010800 JavaThread "Process Messages Thread" [_thread_blocked, id=10064, stack(0x000000179ea00000,0x000000179ef00000)]
  0x000001a0b4ef6800 JavaThread "Thread-1" [_thread_in_native, id=9680, stack(0x0000001797d00000,0x0000001799100000)]
  0x000001a0dcd89800 JavaThread "TimerQueue" daemon [_thread_blocked, id=3772, stack(0x000000179d600000,0x000000179db00000)]
  0x000001a0b4fdc800 JavaThread "AWT-Windows" daemon [_thread_in_native, id=8740, stack(0x000000179db00000,0x000000179e000000)]
  0x000001a0b51c9000 JavaThread "Java2D Disposer" daemon [_thread_blocked, id=8260, stack(0x000000179d100000,0x000000179d600000)]
  0x000001a0b67ee800 JavaThread "Service Thread" daemon [_thread_blocked, id=944, stack(0x000000179cb00000,0x000000179d000000)]
  0x000001a0b8754800 JavaThread "Common-Cleaner" daemon [_thread_blocked, id=3196, stack(0x000000179c600000,0x000000179cb00000)]
  0x000001a0b8948000 JavaThread "Sweeper thread" daemon [_thread_blocked, id=4868, stack(0x000000179c100000,0x000000179c600000)]
  0x000001a0b7dc4800 JavaThread "C1 CompilerThread3" daemon [_thread_blocked, id=1532, stack(0x000000179c000000,0x000000179c100000)]
  0x000001a0b93aa800 JavaThread "C2 CompilerThread2" daemon [_thread_blocked, id=10856, stack(0x000000179bf00000,0x000000179c000000)]
  0x000001a0b9892000 JavaThread "C2 CompilerThread1" daemon [_thread_blocked, id=1504, stack(0x000000179be00000,0x000000179bf00000)]
  0x000001a0baf7a000 JavaThread "C2 CompilerThread0" daemon [_thread_blocked, id=9712, stack(0x000000179bd00000,0x000000179be00000)]
  0x000001a0baf79800 JavaThread "Attach Listener" daemon [_thread_blocked, id=3556, stack(0x000000179b800000,0x000000179bd00000)]
  0x000001a0b9e94000 JavaThread "Signal Dispatcher" daemon [_thread_blocked, id=6112, stack(0x000000179b300000,0x000000179b800000)]
  0x000001a0b9241000 JavaThread "Finalizer" daemon [_thread_blocked, id=3496, stack(0x000000179ae00000,0x000000179b300000)]
  0x000001a0b4e21800 JavaThread "Reference Handler" daemon [_thread_blocked, id=5016, stack(0x000000179a900000,0x000000179ae00000)]
  0x000001a0b5a53000 JavaThread "main" [_thread_blocked, id=12876, stack(0x0000001797c00000,0x0000001797d00000)]

Other Threads:
  0x000001a0b4e20800 VMThread "VM Thread" [stack: 0x000000179a800000,0x000000179a900000] [id=5780]
  0x000001a0b9e3f000 WatcherThread [stack: 0x000000179d000000,0x000000179d100000] [id=8684]
  0x000001a0bb113000 GCTaskThread "GC Thread#0" [stack: 0x0000001799400000,0x0000001799500000] [id=2700]
  0x000001a0bb113800 GCTaskThread "GC Thread#1" [stack: 0x0000001799500000,0x0000001799600000] [id=4068]
  0x000001a0bb114800 GCTaskThread "GC Thread#2" [stack: 0x0000001799600000,0x0000001799700000] [id=4984]
  0x000001a0b9e41800 GCTaskThread "GC Thread#3" [stack: 0x0000001799700000,0x0000001799800000] [id=12612]
  0x000001a0b9e3c000 GCTaskThread "GC Thread#4" [stack: 0x0000001799800000,0x0000001799900000] [id=12088]
  0x000001a0b9e3c800 GCTaskThread "GC Thread#5" [stack: 0x0000001799900000,0x0000001799a00000] [id=11320]
  0x000001a0b9e3d000 GCTaskThread "GC Thread#6" [stack: 0x0000001799a00000,0x0000001799b00000] [id=1332]
  0x000001a0b9e3b800 GCTaskThread "GC Thread#7" [stack: 0x0000001799b00000,0x0000001799c00000] [id=6168]
  0x000001a0b94cf000 ConcurrentGCThread "G1 Main Marker" [stack: 0x000000179a500000,0x000000179a600000] [id=7392]
  0x000001a0b9e3e800 ConcurrentGCThread "G1 Marker#0" [stack: 0x000000179a600000,0x000000179a700000] [id=3732]
  0x000001a0b9e40800 ConcurrentGCThread "G1 Marker#1" [stack: 0x000000179a700000,0x000000179a800000] [id=6708]
  0x000001a0b6f08800 ConcurrentGCThread "G1 Refine#0" [stack: 0x000000179a300000,0x000000179a400000] [id=12320]
  0x000001a0b6f09000 ConcurrentGCThread "G1 Refine#1" [stack: 0x000000179a200000,0x000000179a300000] [id=9076]
  0x000001a0b6f0b800 ConcurrentGCThread "G1 Refine#2" [stack: 0x000000179a100000,0x000000179a200000] [id=12032]
  0x000001a0b6f0d000 ConcurrentGCThread "G1 Refine#3" [stack: 0x000000179a000000,0x000000179a100000] [id=9600]
  0x000001a0b79df800 ConcurrentGCThread "G1 Refine#4" [stack: 0x0000001799f00000,0x000000179a000000] [id=12572]
  0x000001a0b7dce000 ConcurrentGCThread "G1 Refine#5" [stack: 0x0000001799e00000,0x0000001799f00000] [id=8388]
  0x000001a0b1fb4800 ConcurrentGCThread "G1 Refine#6" [stack: 0x0000001799d00000,0x0000001799e00000] [id=6960]
  0x000001a0af43b000 ConcurrentGCThread "G1 Refine#7" [stack: 0x0000001799c00000,0x0000001799d00000] [id=8508]
  0x000001a0b95ff800 ConcurrentGCThread "G1 Young RemSet Sampling" [stack: 0x000000179a400000,0x000000179a500000] [id=2516]

Threads with active compile tasks:

VM state:not at safepoint (normal execution)

VM Mutex/Monitor currently owned by a thread: None

Heap address: 0x0000000700000000, size: 3072 MB, Compressed Oops mode: Zero based, Oop shift amount: 3
Narrow klass base: 0x0000000000000000, Narrow klass shift: 3
Compressed class space size: 1073741824 Address: 0x00000007c0000000

Heap:
 garbage-first heap   total 338944K, used 161196K [0x0000000700000000, 0x0000000700100a58, 0x00000007c0000000)
  region size 1024K, 35 young (35840K), 2 survivors (2048K)
 Metaspace       used 99111K, capacity 101885K, committed 109016K, reserved 1142784K
  class space    used 13368K, capacity 13907K, committed 15360K, reserved 1048576K
Heap Regions: E=young(eden), S=young(survivor), O=old, HS=humongous(starts), HC=humongous(continues), CS=collection set, F=free, A=archive, TS=gc time stamp, AC=allocation context, TAMS=top-at-mark-start (previous, next)
|   0|0x0000000700000000, 0x00000007000d5c68, 0x0000000700100000| 83%| O|  |TS  0|AC  0|TAMS 0x0000000700000000, 0x0000000700000000|
|   1|0x0000000700100000, 0x00000007001f1b58, 0x0000000700200000| 94%| O|  |TS  0|AC  0|TAMS 0x0000000700100000, 0x0000000700100000|
|   2|0x0000000700200000, 0x00000007002ff390, 0x0000000700300000| 99%| O|  |TS  0|AC  0|TAMS 0x0000000700200000, 0x0000000700200000|
|   3|0x0000000700300000, 0x00000007003ff8d0, 0x0000000700400000| 99%| O|  |TS  0|AC  0|TAMS 0x0000000700300000, 0x0000000700300000|
|   4|0x0000000700400000, 0x0000000700500000, 0x0000000700500000|100%|HS|  |TS  0|AC  0|TAMS 0x0000000700400000, 0x0000000700400000|
|   5|0x0000000700500000, 0x0000000700600000, 0x0000000700600000|100%|HC|  |TS  0|AC  0|TAMS 0x0000000700500000, 0x0000000700500000|
|   6|0x0000000700600000, 0x0000000700700000, 0x0000000700700000|100%|HS|  |TS  0|AC  0|TAMS 0x0000000700600000, 0x0000000700600000|
|   7|0x0000000700700000, 0x00000007007fd6e8, 0x0000000700800000| 98%| O|  |TS  0|AC  0|TAMS 0x0000000700700000, 0x0000000700700000|
|   8|0x0000000700800000, 0x00000007008fed00, 0x0000000700900000| 99%| O|  |TS  0|AC  0|TAMS 0x0000000700800000, 0x0000000700800000|
|   9|0x0000000700900000, 0x00000007009ffff8, 0x0000000700a00000| 99%| O|  |TS  0|AC  0|TAMS 0x0000000700900000, 0x0000000700900000|
|  10|0x0000000700a00000, 0x0000000700affff8, 0x0000000700b00000| 99%| O|  |TS  0|AC  0|TAMS 0x0000000700a00000, 0x0000000700a00000|
|  11|0x0000000700b00000, 0x0000000700bffcc8, 0x0000000700c00000| 99%| O|  |TS  0|AC  0|TAMS 0x0000000700b00000, 0x0000000700b00000|
|  12|0x0000000700c00000, 0x0000000700d00000, 0x0000000700d00000|100%| O|  |TS  0|AC  0|TAMS 0x0000000700c00000, 0x0000000700c00000|
|  13|0x0000000700d00000, 0x0000000700df4ef0, 0x0000000700e00000| 95%| O|  |TS  0|AC  0|TAMS 0x0000000700d00000, 0x0000000700d00000|
|  14|0x0000000700e00000, 0x0000000700ee0638, 0x0000000700f00000| 87%| O|  |TS  0|AC  0|TAMS 0x0000000700e00000, 0x0000000700e00000|
|  15|0x0000000700f00000, 0x0000000700ffffa0, 0x0000000701000000| 99%| O|  |TS  0|AC  0|TAMS 0x0000000700f00000, 0x0000000700f00000|
|  16|0x0000000701000000, 0x00000007010fffe8, 0x0000000701100000| 99%| O|  |TS  0|AC  0|TAMS 0x0000000701000000, 0x0000000701000000|
|  17|0x0000000701100000, 0x00000007011fff58, 0x0000000701200000| 99%| O|  |TS  0|AC  0|TAMS 0x0000000701100000, 0x0000000701100000|
|  18|0x0000000701200000, 0x00000007012fffc0, 0x0000000701300000| 99%| O|  |TS  0|AC  0|TAMS 0x0000000701200000, 0x0000000701200000|
|  19|0x0000000701300000, 0x00000007013ffff0, 0x0000000701400000| 99%| O|  |TS  0|AC  0|TAMS 0x0000000701300000, 0x0000000701300000|
|  20|0x0000000701400000, 0x00000007014fffe0, 0x0000000701500000| 99%| O|  |TS  0|AC  0|TAMS 0x0000000701400000, 0x0000000701400000|
|  21|0x0000000701500000, 0x0000000701600000, 0x0000000701600000|100%|HS|  |TS  0|AC  0|TAMS 0x0000000701500000, 0x0000000701500000|
|  22|0x0000000701600000, 0x00000007016ffff8, 0x0000000701700000| 99%| O|  |TS  0|AC  0|TAMS 0x0000000701600000, 0x0000000701600000|
|  23|0x0000000701700000, 0x00000007017ffff0, 0x0000000701800000| 99%| O|  |TS  0|AC  0|TAMS 0x0000000701700000, 0x0000000701700000|
|  24|0x0000000701800000, 0x00000007018fffd0, 0x0000000701900000| 99%| O|  |TS  0|AC  0|TAMS 0x0000000701800000, 0x0000000701800000|
|  25|0x0000000701900000, 0x00000007019ffff8, 0x0000000701a00000| 99%| O|  |TS  0|AC  0|TAMS 0x0000000701900000, 0x0000000701900000|
|  26|0x0000000701a00000, 0x0000000701afffe0, 0x0000000701b00000| 99%| O|  |TS  0|AC  0|TAMS 0x0000000701a00000, 0x0000000701a00000|
|  27|0x0000000701b00000, 0x0000000701bffee8, 0x0000000701c00000| 99%| O|  |TS  0|AC  0|TAMS 0x0000000701b00000, 0x0000000701b00000|
|  28|0x0000000701c00000, 0x0000000701cffff0, 0x0000000701d00000| 99%| O|  |TS  0|AC  0|TAMS 0x0000000701c00000, 0x0000000701c00000|
|  29|0x0000000701d00000, 0x0000000701e00000, 0x0000000701e00000|100%| O|  |TS  0|AC  0|TAMS 0x0000000701d00000, 0x0000000701d00000|
|  30|0x0000000701e00000, 0x0000000701effff8, 0x0000000701f00000| 99%| O|  |TS  0|AC  0|TAMS 0x0000000701e00000, 0x0000000701e00000|
|  31|0x0000000701f00000, 0x0000000701ffffe8, 0x0000000702000000| 99%| O|  |TS  0|AC  0|TAMS 0x0000000701f00000, 0x0000000701f00000|
|  32|0x0000000702000000, 0x00000007020fffe8, 0x0000000702100000| 99%| O|  |TS  0|AC  0|TAMS 0x0000000702000000, 0x0000000702000000|
|  33|0x0000000702100000, 0x00000007021fffe0, 0x0000000702200000| 99%| O|  |TS  0|AC  0|TAMS 0x0000000702100000, 0x0000000702100000|
|  34|0x0000000702200000, 0x00000007022b5820, 0x0000000702300000| 70%| O|  |TS  0|AC  0|TAMS 0x0000000702200000, 0x0000000702200000|
|  35|0x0000000702300000, 0x00000007023fa198, 0x0000000702400000| 97%| O|  |TS  0|AC  0|TAMS 0x0000000702300000, 0x0000000702300000|
|  36|0x0000000702400000, 0x00000007024ffff8, 0x0000000702500000| 99%| O|  |TS  0|AC  0|TAMS 0x0000000702400000, 0x0000000702400000|
|  37|0x0000000702500000, 0x00000007025fffd0, 0x0000000702600000| 99%| O|  |TS  0|AC  0|TAMS 0x0000000702500000, 0x0000000702500000|
|  38|0x0000000702600000, 0x00000007026fd898, 0x0000000702700000| 99%| O|  |TS  0|AC  0|TAMS 0x0000000702600000, 0x0000000702600000|
|  39|0x0000000702700000, 0x0000000702800000, 0x0000000702800000|100%| O|  |TS  0|AC  0|TAMS 0x0000000702700000, 0x0000000702700000|
|  40|0x0000000702800000, 0x00000007028ffff8, 0x0000000702900000| 99%| O|  |TS  0|AC  0|TAMS 0x0000000702800000, 0x0000000702800000|
|  41|0x0000000702900000, 0x00000007029ffff0, 0x0000000702a00000| 99%| O|  |TS  0|AC  0|TAMS 0x0000000702900000, 0x0000000702900000|
|  42|0x0000000702a00000, 0x0000000702affff8, 0x0000000702b00000| 99%| O|  |TS  0|AC  0|TAMS 0x0000000702a00000, 0x0000000702a00000|
|  43|0x0000000702b00000, 0x0000000702bfff40, 0x0000000702c00000| 99%| O|  |TS  0|AC  0|TAMS 0x0000000702b00000, 0x0000000702b00000|
|  44|0x0000000702c00000, 0x0000000702cffff8, 0x0000000702d00000| 99%| O|  |TS  0|AC  0|TAMS 0x0000000702c00000, 0x0000000702c00000|
|  45|0x0000000702d00000, 0x0000000702dffff0, 0x0000000702e00000| 99%| O|  |TS  0|AC  0|TAMS 0x0000000702d00000, 0x0000000702d00000|
|  46|0x0000000702e00000, 0x0000000702efffe8, 0x0000000702f00000| 99%| O|  |TS  0|AC  0|TAMS 0x0000000702e00000, 0x0000000702e00000|
|  47|0x0000000702f00000, 0x0000000702fffff0, 0x0000000703000000| 99%| O|  |TS  0|AC  0|TAMS 0x0000000702f00000, 0x0000000702f00000|
|  48|0x0000000703000000, 0x00000007030fffb8, 0x0000000703100000| 99%| O|  |TS  0|AC  0|TAMS 0x0000000703000000, 0x0000000703000000|
|  49|0x0000000703100000, 0x00000007031fffe8, 0x0000000703200000| 99%| O|  |TS  0|AC  0|TAMS 0x0000000703100000, 0x0000000703100000|
|  50|0x0000000703200000, 0x00000007032ffff0, 0x0000000703300000| 99%| O|  |TS  0|AC  0|TAMS 0x0000000703200000, 0x0000000703200000|
|  51|0x0000000703300000, 0x00000007033ffc10, 0x0000000703400000| 99%| O|  |TS  0|AC  0|TAMS 0x0000000703300000, 0x0000000703300000|
|  52|0x0000000703400000, 0x00000007034ffff0, 0x0000000703500000| 99%| O|  |TS  0|AC  0|TAMS 0x0000000703400000, 0x0000000703400000|
|  53|0x0000000703500000, 0x00000007035ffff0, 0x0000000703600000| 99%| O|  |TS  0|AC  0|TAMS 0x0000000703500000, 0x0000000703500000|
|  54|0x0000000703600000, 0x0000000703700000, 0x0000000703700000|100%|HS|  |TS  0|AC  0|TAMS 0x0000000703600000, 0x0000000703600000|
|  55|0x0000000703700000, 0x0000000703800000, 0x0000000703800000|100%|HC|  |TS  0|AC  0|TAMS 0x0000000703700000, 0x0000000703700000|
|  56|0x0000000703800000, 0x0000000703900000, 0x0000000703900000|100%|HC|  |TS  0|AC  0|TAMS 0x0000000703800000, 0x0000000703800000|
|  57|0x0000000703900000, 0x0000000703a00000, 0x0000000703a00000|100%|HC|  |TS  0|AC  0|TAMS 0x0000000703900000, 0x0000000703900000|
|  58|0x0000000703a00000, 0x0000000703b00000, 0x0000000703b00000|100%|HC|  |TS  0|AC  0|TAMS 0x0000000703a00000, 0x0000000703a00000|
|  59|0x0000000703b00000, 0x0000000703c00000, 0x0000000703c00000|100%|HC|  |TS  0|AC  0|TAMS 0x0000000703b00000, 0x0000000703b00000|
|  60|0x0000000703c00000, 0x0000000703d00000, 0x0000000703d00000|100%|HC|  |TS  0|AC  0|TAMS 0x0000000703c00000, 0x0000000703c00000|
|  61|0x0000000703d00000, 0x0000000703e00000, 0x0000000703e00000|100%|HC|  |TS  0|AC  0|TAMS 0x0000000703d00000, 0x0000000703d00000|
|  62|0x0000000703e00000, 0x0000000703f00000, 0x0000000703f00000|100%|HS|  |TS  0|AC  0|TAMS 0x0000000703e00000, 0x0000000703e00000|
|  63|0x0000000703f00000, 0x0000000704000000, 0x0000000704000000|100%|HC|  |TS  0|AC  0|TAMS 0x0000000703f00000, 0x0000000703f00000|
|  64|0x0000000704000000, 0x0000000704100000, 0x0000000704100000|100%|HC|  |TS  0|AC  0|TAMS 0x0000000704000000, 0x0000000704000000|
|  65|0x0000000704100000, 0x0000000704200000, 0x0000000704200000|100%|HC|  |TS  0|AC  0|TAMS 0x0000000704100000, 0x0000000704100000|
|  66|0x0000000704200000, 0x0000000704300000, 0x0000000704300000|100%|HC|  |TS  0|AC  0|TAMS 0x0000000704200000, 0x0000000704200000|
|  67|0x0000000704300000, 0x0000000704400000, 0x0000000704400000|100%|HC|  |TS  0|AC  0|TAMS 0x0000000704300000, 0x0000000704300000|
|  68|0x0000000704400000, 0x0000000704500000, 0x0000000704500000|100%|HC|  |TS  0|AC  0|TAMS 0x0000000704400000, 0x0000000704400000|
|  69|0x0000000704500000, 0x0000000704600000, 0x0000000704600000|100%|HC|  |TS  0|AC  0|TAMS 0x0000000704500000, 0x0000000704500000|
|  70|0x0000000704600000, 0x00000007046fff10, 0x0000000704700000| 99%| O|  |TS  0|AC  0|TAMS 0x0000000704600000, 0x0000000704600000|
|  71|0x0000000704700000, 0x00000007047ffff0, 0x0000000704800000| 99%| O|  |TS  0|AC  0|TAMS 0x0000000704700000, 0x0000000704700000|
|  72|0x0000000704800000, 0x0000000704900000, 0x0000000704900000|100%| O|  |TS  0|AC  0|TAMS 0x0000000704800000, 0x0000000704800000|
|  73|0x0000000704900000, 0x0000000704a00000, 0x0000000704a00000|100%| O|  |TS  0|AC  0|TAMS 0x0000000704900000, 0x0000000704900000|
|  74|0x0000000704a00000, 0x0000000704b00000, 0x0000000704b00000|100%| O|  |TS  0|AC  0|TAMS 0x0000000704a00000, 0x0000000704a00000|
|  75|0x0000000704b00000, 0x0000000704bffff8, 0x0000000704c00000| 99%| O|  |TS  0|AC  0|TAMS 0x0000000704b00000, 0x0000000704b00000|
|  76|0x0000000704c00000, 0x0000000704cfffe0, 0x0000000704d00000| 99%| O|  |TS  0|AC  0|TAMS 0x0000000704c00000, 0x0000000704c00000|
|  77|0x0000000704d00000, 0x0000000704e00000, 0x0000000704e00000|100%| O|  |TS  0|AC  0|TAMS 0x0000000704d00000, 0x0000000704d00000|
|  78|0x0000000704e00000, 0x0000000704effff0, 0x0000000704f00000| 99%| O|  |TS  0|AC  0|TAMS 0x0000000704e00000, 0x0000000704e00000|
|  79|0x0000000704f00000, 0x0000000704fffff8, 0x0000000705000000| 99%| O|  |TS  0|AC  0|TAMS 0x0000000704f00000, 0x0000000704f00000|
|  80|0x0000000705000000, 0x00000007050f9860, 0x0000000705100000| 97%| O|  |TS  0|AC  0|TAMS 0x0000000705000000, 0x0000000705000000|
|  81|0x0000000705100000, 0x00000007051fffe8, 0x0000000705200000| 99%| O|  |TS  0|AC  0|TAMS 0x0000000705100000, 0x0000000705100000|
|  82|0x0000000705200000, 0x00000007052ffff0, 0x0000000705300000| 99%| O|  |TS  0|AC  0|TAMS 0x0000000705200000, 0x0000000705200000|
|  83|0x0000000705300000, 0x00000007053ffff8, 0x0000000705400000| 99%| O|  |TS  0|AC  0|TAMS 0x0000000705300000, 0x0000000705300000|
|  84|0x0000000705400000, 0x00000007054ffff8, 0x0000000705500000| 99%| O|  |TS  0|AC  0|TAMS 0x0000000705400000, 0x0000000705400000|
|  85|0x0000000705500000, 0x0000000705600000, 0x0000000705600000|100%| O|  |TS  0|AC  0|TAMS 0x0000000705500000, 0x0000000705500000|
|  86|0x0000000705600000, 0x00000007056fffe0, 0x0000000705700000| 99%| O|  |TS  0|AC  0|TAMS 0x0000000705600000, 0x0000000705600000|
|  87|0x0000000705700000, 0x00000007057fffd8, 0x0000000705800000| 99%| O|  |TS  0|AC  0|TAMS 0x0000000705700000, 0x0000000705700000|
|  88|0x0000000705800000, 0x00000007058ffff0, 0x0000000705900000| 99%| O|  |TS  0|AC  0|TAMS 0x0000000705800000, 0x0000000705800000|
|  89|0x0000000705900000, 0x0000000705a00000, 0x0000000705a00000|100%| O|  |TS  0|AC  0|TAMS 0x0000000705900000, 0x0000000705900000|
|  90|0x0000000705a00000, 0x0000000705afffe0, 0x0000000705b00000| 99%| O|  |TS  0|AC  0|TAMS 0x0000000705a00000, 0x0000000705a00000|
|  91|0x0000000705b00000, 0x0000000705bffff8, 0x0000000705c00000| 99%| O|  |TS  0|AC  0|TAMS 0x0000000705b00000, 0x0000000705b00000|
|  92|0x0000000705c00000, 0x0000000705cffc70, 0x0000000705d00000| 99%| O|  |TS  0|AC  0|TAMS 0x0000000705c00000, 0x0000000705c00000|
|  93|0x0000000705d00000, 0x0000000705dfffd0, 0x0000000705e00000| 99%| O|  |TS  0|AC  0|TAMS 0x0000000705d00000, 0x0000000705d00000|
|  94|0x0000000705e00000, 0x0000000705effb60, 0x0000000705f00000| 99%| O|  |TS  0|AC  0|TAMS 0x0000000705e00000, 0x0000000705e00000|
|  95|0x0000000705f00000, 0x0000000705fffff0, 0x0000000706000000| 99%| O|  |TS  0|AC  0|TAMS 0x0000000705f00000, 0x0000000705f00000|
|  96|0x0000000706000000, 0x00000007060ffff0, 0x0000000706100000| 99%| O|  |TS  0|AC  0|TAMS 0x0000000706000000, 0x0000000706000000|
|  97|0x0000000706100000, 0x00000007061fffe8, 0x0000000706200000| 99%| O|  |TS  0|AC  0|TAMS 0x0000000706100000, 0x0000000706100000|
|  98|0x0000000706200000, 0x00000007062ffff0, 0x0000000706300000| 99%| O|  |TS  0|AC  0|TAMS 0x0000000706200000, 0x0000000706200000|
|  99|0x0000000706300000, 0x00000007063ffff8, 0x0000000706400000| 99%| O|  |TS  0|AC  0|TAMS 0x0000000706300000, 0x0000000706300000|
| 100|0x0000000706400000, 0x00000007064ffff8, 0x0000000706500000| 99%| O|  |TS  0|AC  0|TAMS 0x0000000706400000, 0x0000000706400000|
| 101|0x0000000706500000, 0x00000007065ffff0, 0x0000000706600000| 99%| O|  |TS  0|AC  0|TAMS 0x0000000706500000, 0x0000000706500000|
| 102|0x0000000706600000, 0x00000007066ffff0, 0x0000000706700000| 99%| O|  |TS  0|AC  0|TAMS 0x0000000706600000, 0x0000000706600000|
| 103|0x0000000706700000, 0x00000007067ffff8, 0x0000000706800000| 99%| O|  |TS  0|AC  0|TAMS 0x0000000706700000, 0x0000000706700000|
| 104|0x0000000706800000, 0x00000007068ffff0, 0x0000000706900000| 99%| O|  |TS  0|AC  0|TAMS 0x0000000706800000, 0x0000000706800000|
| 105|0x0000000706900000, 0x00000007069fe828, 0x0000000706a00000| 99%| O|  |TS  0|AC  0|TAMS 0x0000000706900000, 0x0000000706900000|
| 106|0x0000000706a00000, 0x0000000706afffe0, 0x0000000706b00000| 99%| O|  |TS  0|AC  0|TAMS 0x0000000706a00000, 0x0000000706a00000|
| 107|0x0000000706b00000, 0x0000000706bf7088, 0x0000000706c00000| 96%| O|  |TS  0|AC  0|TAMS 0x0000000706b00000, 0x0000000706b00000|
| 108|0x0000000706c00000, 0x0000000706cfffd0, 0x0000000706d00000| 99%| O|  |TS  0|AC  0|TAMS 0x0000000706c00000, 0x0000000706c00000|
| 109|0x0000000706d00000, 0x0000000706dfffd8, 0x0000000706e00000| 99%| O|  |TS  0|AC  0|TAMS 0x0000000706d00000, 0x0000000706d00000|
| 110|0x0000000706e00000, 0x0000000706f00000, 0x0000000706f00000|100%| O|  |TS  0|AC  0|TAMS 0x0000000706e00000, 0x0000000706e00000|
| 111|0x0000000706f00000, 0x0000000706fffff8, 0x0000000707000000| 99%| O|  |TS  0|AC  0|TAMS 0x0000000706f00000, 0x0000000706f00000|
| 112|0x0000000707000000, 0x0000000707100000, 0x0000000707100000|100%| O|  |TS  0|AC  0|TAMS 0x0000000707000000, 0x0000000707000000|
| 113|0x0000000707100000, 0x00000007071fffe0, 0x0000000707200000| 99%| O|  |TS  0|AC  0|TAMS 0x0000000707100000, 0x0000000707100000|
| 114|0x0000000707200000, 0x00000007072ffff8, 0x0000000707300000| 99%| O|  |TS  0|AC  0|TAMS 0x0000000707200000, 0x0000000707200000|
| 115|0x0000000707300000, 0x00000007073ffff8, 0x0000000707400000| 99%| O|  |TS  0|AC  0|TAMS 0x0000000707300000, 0x0000000707300000|
| 116|0x0000000707400000, 0x00000007074ffff0, 0x0000000707500000| 99%| O|  |TS  0|AC  0|TAMS 0x0000000707400000, 0x0000000707400000|
| 117|0x0000000707500000, 0x0000000707600000, 0x0000000707600000|100%|HS|  |TS  0|AC  0|TAMS 0x0000000707500000, 0x0000000707500000|
| 118|0x0000000707600000, 0x0000000707700000, 0x0000000707700000|100%|HC|  |TS  0|AC  0|TAMS 0x0000000707600000, 0x0000000707600000|
| 119|0x0000000707700000, 0x00000007077d7980, 0x0000000707800000| 84%| O|  |TS  0|AC  0|TAMS 0x0000000707700000, 0x0000000707700000|
| 120|0x0000000707800000, 0x0000000707800000, 0x0000000707900000|  0%| F|  |TS  0|AC  0|TAMS 0x0000000707800000, 0x0000000707800000|
| 121|0x0000000707900000, 0x0000000707a00000, 0x0000000707a00000|100%|HS|  |TS  0|AC  0|TAMS 0x0000000707900000, 0x0000000707900000|
| 122|0x0000000707a00000, 0x0000000707a00000, 0x0000000707b00000|  0%| F|  |TS  0|AC  0|TAMS 0x0000000707a00000, 0x0000000707a00000|
| 123|0x0000000707b00000, 0x0000000707b00000, 0x0000000707c00000|  0%| F|  |TS  0|AC  0|TAMS 0x0000000707b00000, 0x0000000707b00000|
| 124|0x0000000707c00000, 0x0000000707c00000, 0x0000000707d00000|  0%| F|  |TS  0|AC  0|TAMS 0x0000000707c00000, 0x0000000707c00000|
| 125|0x0000000707d00000, 0x0000000707d00000, 0x0000000707e00000|  0%| F|  |TS  0|AC  0|TAMS 0x0000000707d00000, 0x0000000707d00000|
| 126|0x0000000707e00000, 0x0000000707f00000, 0x0000000707f00000|100%|HS|  |TS  0|AC  0|TAMS 0x0000000707e00000, 0x0000000707e00000|
| 127|0x0000000707f00000, 0x0000000708000000, 0x0000000708000000|100%|HC|  |TS  0|AC  0|TAMS 0x0000000707f00000, 0x0000000707f00000|
| 128|0x0000000708000000, 0x0000000708100000, 0x0000000708100000|100%|HC|  |TS  0|AC  0|TAMS 0x0000000708000000, 0x0000000708000000|
| 129|0x0000000708100000, 0x0000000708200000, 0x0000000708200000|100%|HC|  |TS  0|AC  0|TAMS 0x0000000708100000, 0x0000000708100000|
| 130|0x0000000708200000, 0x0000000708200000, 0x0000000708300000|  0%| F|  |TS  0|AC  0|TAMS 0x0000000708200000, 0x0000000708200000|
| 131|0x0000000708300000, 0x0000000708300000, 0x0000000708400000|  0%| F|  |TS  0|AC  0|TAMS 0x0000000708300000, 0x0000000708300000|
| 132|0x0000000708400000, 0x0000000708400000, 0x0000000708500000|  0%| F|  |TS  0|AC  0|TAMS 0x0000000708400000, 0x0000000708400000|
| 133|0x0000000708500000, 0x0000000708500000, 0x0000000708600000|  0%| F|  |TS  0|AC  0|TAMS 0x0000000708500000, 0x0000000708500000|
| 134|0x0000000708600000, 0x0000000708600000, 0x0000000708700000|  0%| F|  |TS  0|AC  0|TAMS 0x0000000708600000, 0x0000000708600000|
| 135|0x0000000708700000, 0x0000000708700000, 0x0000000708800000|  0%| F|  |TS  0|AC  0|TAMS 0x0000000708700000, 0x0000000708700000|
| 136|0x0000000708800000, 0x0000000708800000, 0x0000000708900000|  0%| F|  |TS  0|AC  0|TAMS 0x0000000708800000, 0x0000000708800000|
| 137|0x0000000708900000, 0x0000000708900000, 0x0000000708a00000|  0%| F|  |TS  0|AC  0|TAMS 0x0000000708900000, 0x0000000708900000|
| 138|0x0000000708a00000, 0x0000000708a00000, 0x0000000708b00000|  0%| F|  |TS  0|AC  0|TAMS 0x0000000708a00000, 0x0000000708a00000|
| 139|0x0000000708b00000, 0x0000000708b00000, 0x0000000708c00000|  0%| F|  |TS  0|AC  0|TAMS 0x0000000708b00000, 0x0000000708b00000|
| 140|0x0000000708c00000, 0x0000000708c00000, 0x0000000708d00000|  0%| F|  |TS  0|AC  0|TAMS 0x0000000708c00000, 0x0000000708c00000|
| 141|0x0000000708d00000, 0x0000000708d00000, 0x0000000708e00000|  0%| F|  |TS  0|AC  0|TAMS 0x0000000708d00000, 0x0000000708d00000|
| 142|0x0000000708e00000, 0x0000000708e00000, 0x0000000708f00000|  0%| F|  |TS  0|AC  0|TAMS 0x0000000708e00000, 0x0000000708e00000|
| 143|0x0000000708f00000, 0x0000000708f00000, 0x0000000709000000|  0%| F|  |TS  0|AC  0|TAMS 0x0000000708f00000, 0x0000000708f00000|
| 144|0x0000000709000000, 0x0000000709000000, 0x0000000709100000|  0%| F|  |TS  0|AC  0|TAMS 0x0000000709000000, 0x0000000709000000|
| 145|0x0000000709100000, 0x0000000709100000, 0x0000000709200000|  0%| F|  |TS  0|AC  0|TAMS 0x0000000709100000, 0x0000000709100000|
| 146|0x0000000709200000, 0x0000000709200000, 0x0000000709300000|  0%| F|  |TS  0|AC  0|TAMS 0x0000000709200000, 0x0000000709200000|
| 147|0x0000000709300000, 0x0000000709300000, 0x0000000709400000|  0%| F|  |TS  0|AC  0|TAMS 0x0000000709300000, 0x0000000709300000|
| 148|0x0000000709400000, 0x0000000709400000, 0x0000000709500000|  0%| F|  |TS  0|AC  0|TAMS 0x0000000709400000, 0x0000000709400000|
| 149|0x0000000709500000, 0x0000000709500000, 0x0000000709600000|  0%| F|  |TS  0|AC  0|TAMS 0x0000000709500000, 0x0000000709500000|
| 150|0x0000000709600000, 0x0000000709600000, 0x0000000709700000|  0%| F|  |TS  0|AC  0|TAMS 0x0000000709600000, 0x0000000709600000|
| 151|0x0000000709700000, 0x0000000709700000, 0x0000000709800000|  0%| F|  |TS  0|AC  0|TAMS 0x0000000709700000, 0x0000000709700000|
| 152|0x0000000709800000, 0x0000000709800000, 0x0000000709900000|  0%| F|  |TS  0|AC  0|TAMS 0x0000000709800000, 0x0000000709800000|
| 153|0x0000000709900000, 0x0000000709900000, 0x0000000709a00000|  0%| F|  |TS  0|AC  0|TAMS 0x0000000709900000, 0x0000000709900000|
| 154|0x0000000709a00000, 0x0000000709a00000, 0x0000000709b00000|  0%| F|  |TS  0|AC  0|TAMS 0x0000000709a00000, 0x0000000709a00000|
| 155|0x0000000709b00000, 0x0000000709b00000, 0x0000000709c00000|  0%| F|  |TS  0|AC  0|TAMS 0x0000000709b00000, 0x0000000709b00000|
| 156|0x0000000709c00000, 0x0000000709c00000, 0x0000000709d00000|  0%| F|  |TS  0|AC  0|TAMS 0x0000000709c00000, 0x0000000709c00000|
| 157|0x0000000709d00000, 0x0000000709d00000, 0x0000000709e00000|  0%| F|  |TS  0|AC  0|TAMS 0x0000000709d00000, 0x0000000709d00000|
| 158|0x0000000709e00000, 0x0000000709e00000, 0x0000000709f00000|  0%| F|  |TS  0|AC  0|TAMS 0x0000000709e00000, 0x0000000709e00000|
| 159|0x0000000709f00000, 0x0000000709f00000, 0x000000070a000000|  0%| F|  |TS  0|AC  0|TAMS 0x0000000709f00000, 0x0000000709f00000|
| 160|0x000000070a000000, 0x000000070a000000, 0x000000070a100000|  0%| F|  |TS  0|AC  0|TAMS 0x000000070a000000, 0x000000070a000000|
| 161|0x000000070a100000, 0x000000070a100000, 0x000000070a200000|  0%| F|  |TS  0|AC  0|TAMS 0x000000070a100000, 0x000000070a100000|
| 162|0x000000070a200000, 0x000000070a200000, 0x000000070a300000|  0%| F|  |TS  0|AC  0|TAMS 0x000000070a200000, 0x000000070a200000|
| 163|0x000000070a300000, 0x000000070a300000, 0x000000070a400000|  0%| F|  |TS  0|AC  0|TAMS 0x000000070a300000, 0x000000070a300000|
| 164|0x000000070a400000, 0x000000070a400000, 0x000000070a500000|  0%| F|  |TS  0|AC  0|TAMS 0x000000070a400000, 0x000000070a400000|
| 165|0x000000070a500000, 0x000000070a500000, 0x000000070a600000|  0%| F|  |TS  0|AC  0|TAMS 0x000000070a500000, 0x000000070a500000|
| 166|0x000000070a600000, 0x000000070a600000, 0x000000070a700000|  0%| F|  |TS  0|AC  0|TAMS 0x000000070a600000, 0x000000070a600000|
| 167|0x000000070a700000, 0x000000070a700000, 0x000000070a800000|  0%| F|  |TS  0|AC  0|TAMS 0x000000070a700000, 0x000000070a700000|
| 168|0x000000070a800000, 0x000000070a800000, 0x000000070a900000|  0%| F|  |TS  0|AC  0|TAMS 0x000000070a800000, 0x000000070a800000|
| 169|0x000000070a900000, 0x000000070a900000, 0x000000070aa00000|  0%| F|  |TS  0|AC  0|TAMS 0x000000070a900000, 0x000000070a900000|
| 170|0x000000070aa00000, 0x000000070aa00000, 0x000000070ab00000|  0%| F|  |TS  0|AC  0|TAMS 0x000000070aa00000, 0x000000070aa00000|
| 171|0x000000070ab00000, 0x000000070ab00000, 0x000000070ac00000|  0%| F|  |TS  0|AC  0|TAMS 0x000000070ab00000, 0x000000070ab00000|
| 172|0x000000070ac00000, 0x000000070ac00000, 0x000000070ad00000|  0%| F|  |TS  0|AC  0|TAMS 0x000000070ac00000, 0x000000070ac00000|
| 173|0x000000070ad00000, 0x000000070ad00000, 0x000000070ae00000|  0%| F|  |TS  0|AC  0|TAMS 0x000000070ad00000, 0x000000070ad00000|
| 174|0x000000070ae00000, 0x000000070ae00000, 0x000000070af00000|  0%| F|  |TS  0|AC  0|TAMS 0x000000070ae00000, 0x000000070ae00000|
| 175|0x000000070af00000, 0x000000070af00000, 0x000000070b000000|  0%| F|  |TS  0|AC  0|TAMS 0x000000070af00000, 0x000000070af00000|
| 176|0x000000070b000000, 0x000000070b000000, 0x000000070b100000|  0%| F|  |TS  0|AC  0|TAMS 0x000000070b000000, 0x000000070b000000|
| 177|0x000000070b100000, 0x000000070b100000, 0x000000070b200000|  0%| F|  |TS  0|AC  0|TAMS 0x000000070b100000, 0x000000070b100000|
| 178|0x000000070b200000, 0x000000070b200000, 0x000000070b300000|  0%| F|  |TS  0|AC  0|TAMS 0x000000070b200000, 0x000000070b200000|
| 179|0x000000070b300000, 0x000000070b300000, 0x000000070b400000|  0%| F|  |TS  0|AC  0|TAMS 0x000000070b300000, 0x000000070b300000|
| 180|0x000000070b400000, 0x000000070b400000, 0x000000070b500000|  0%| F|  |TS  0|AC  0|TAMS 0x000000070b400000, 0x000000070b400000|
| 181|0x000000070b500000, 0x000000070b500000, 0x000000070b600000|  0%| F|  |TS  0|AC  0|TAMS 0x000000070b500000, 0x000000070b500000|
| 182|0x000000070b600000, 0x000000070b600000, 0x000000070b700000|  0%| F|  |TS  0|AC  0|TAMS 0x000000070b600000, 0x000000070b600000|
| 183|0x000000070b700000, 0x000000070b700000, 0x000000070b800000|  0%| F|  |TS  0|AC  0|TAMS 0x000000070b700000, 0x000000070b700000|
| 184|0x000000070b800000, 0x000000070b800000, 0x000000070b900000|  0%| F|  |TS  0|AC  0|TAMS 0x000000070b800000, 0x000000070b800000|
| 185|0x000000070b900000, 0x000000070b900000, 0x000000070ba00000|  0%| F|  |TS  0|AC  0|TAMS 0x000000070b900000, 0x000000070b900000|
| 186|0x000000070ba00000, 0x000000070ba00000, 0x000000070bb00000|  0%| F|  |TS  0|AC  0|TAMS 0x000000070ba00000, 0x000000070ba00000|
| 187|0x000000070bb00000, 0x000000070bb00000, 0x000000070bc00000|  0%| F|  |TS  0|AC  0|TAMS 0x000000070bb00000, 0x000000070bb00000|
| 188|0x000000070bc00000, 0x000000070bc00000, 0x000000070bd00000|  0%| F|  |TS  0|AC  0|TAMS 0x000000070bc00000, 0x000000070bc00000|
| 189|0x000000070bd00000, 0x000000070bd00000, 0x000000070be00000|  0%| F|  |TS  0|AC  0|TAMS 0x000000070bd00000, 0x000000070bd00000|
| 190|0x000000070be00000, 0x000000070be00000, 0x000000070bf00000|  0%| F|  |TS  0|AC  0|TAMS 0x000000070be00000, 0x000000070be00000|
| 191|0x000000070bf00000, 0x000000070bf00000, 0x000000070c000000|  0%| F|  |TS  0|AC  0|TAMS 0x000000070bf00000, 0x000000070bf00000|
| 192|0x000000070c000000, 0x000000070c000000, 0x000000070c100000|  0%| F|  |TS  0|AC  0|TAMS 0x000000070c000000, 0x000000070c000000|
| 193|0x000000070c100000, 0x000000070c100000, 0x000000070c200000|  0%| F|  |TS  0|AC  0|TAMS 0x000000070c100000, 0x000000070c100000|
| 194|0x000000070c200000, 0x000000070c200000, 0x000000070c300000|  0%| F|  |TS  0|AC  0|TAMS 0x000000070c200000, 0x000000070c200000|
| 195|0x000000070c300000, 0x000000070c300000, 0x000000070c400000|  0%| F|  |TS  0|AC  0|TAMS 0x000000070c300000, 0x000000070c300000|
| 196|0x000000070c400000, 0x000000070c400000, 0x000000070c500000|  0%| F|  |TS  0|AC  0|TAMS 0x000000070c400000, 0x000000070c400000|
| 197|0x000000070c500000, 0x000000070c500000, 0x000000070c600000|  0%| F|  |TS  0|AC  0|TAMS 0x000000070c500000, 0x000000070c500000|
| 198|0x000000070c600000, 0x000000070c600000, 0x000000070c700000|  0%| F|  |TS  0|AC  0|TAMS 0x000000070c600000, 0x000000070c600000|
| 199|0x000000070c700000, 0x000000070c700000, 0x000000070c800000|  0%| F|  |TS  0|AC  0|TAMS 0x000000070c700000, 0x000000070c700000|
| 200|0x000000070c800000, 0x000000070c800000, 0x000000070c900000|  0%| F|  |TS  0|AC  0|TAMS 0x000000070c800000, 0x000000070c800000|
| 201|0x000000070c900000, 0x000000070c900000, 0x000000070ca00000|  0%| F|  |TS  0|AC  0|TAMS 0x000000070c900000, 0x000000070c900000|
| 202|0x000000070ca00000, 0x000000070ca00000, 0x000000070cb00000|  0%| F|  |TS  0|AC  0|TAMS 0x000000070ca00000, 0x000000070ca00000|
| 203|0x000000070cb00000, 0x000000070cb00000, 0x000000070cc00000|  0%| F|  |TS  0|AC  0|TAMS 0x000000070cb00000, 0x000000070cb00000|
| 204|0x000000070cc00000, 0x000000070cc00000, 0x000000070cd00000|  0%| F|  |TS  0|AC  0|TAMS 0x000000070cc00000, 0x000000070cc00000|
| 205|0x000000070cd00000, 0x000000070cd00000, 0x000000070ce00000|  0%| F|  |TS  0|AC  0|TAMS 0x000000070cd00000, 0x000000070cd00000|
| 206|0x000000070ce00000, 0x000000070ce00000, 0x000000070cf00000|  0%| F|  |TS  0|AC  0|TAMS 0x000000070ce00000, 0x000000070ce00000|
| 207|0x000000070cf00000, 0x000000070cf00000, 0x000000070d000000|  0%| F|  |TS  0|AC  0|TAMS 0x000000070cf00000, 0x000000070cf00000|
| 208|0x000000070d000000, 0x000000070d000000, 0x000000070d100000|  0%| F|  |TS  0|AC  0|TAMS 0x000000070d000000, 0x000000070d000000|
| 209|0x000000070d100000, 0x000000070d100000, 0x000000070d200000|  0%| F|  |TS  0|AC  0|TAMS 0x000000070d100000, 0x000000070d100000|
| 210|0x000000070d200000, 0x000000070d200000, 0x000000070d300000|  0%| F|  |TS  0|AC  0|TAMS 0x000000070d200000, 0x000000070d200000|
| 211|0x000000070d300000, 0x000000070d300000, 0x000000070d400000|  0%| F|  |TS  0|AC  0|TAMS 0x000000070d300000, 0x000000070d300000|
| 212|0x000000070d400000, 0x000000070d400000, 0x000000070d500000|  0%| F|  |TS  0|AC  0|TAMS 0x000000070d400000, 0x000000070d400000|
| 213|0x000000070d500000, 0x000000070d500000, 0x000000070d600000|  0%| F|  |TS  0|AC  0|TAMS 0x000000070d500000, 0x000000070d500000|
| 214|0x000000070d600000, 0x000000070d600000, 0x000000070d700000|  0%| F|  |TS  0|AC  0|TAMS 0x000000070d600000, 0x000000070d600000|
| 215|0x000000070d700000, 0x000000070d700000, 0x000000070d800000|  0%| F|  |TS  0|AC  0|TAMS 0x000000070d700000, 0x000000070d700000|
| 216|0x000000070d800000, 0x000000070d800000, 0x000000070d900000|  0%| F|  |TS  0|AC  0|TAMS 0x000000070d800000, 0x000000070d800000|
| 217|0x000000070d900000, 0x000000070d900000, 0x000000070da00000|  0%| F|  |TS  0|AC  0|TAMS 0x000000070d900000, 0x000000070d900000|
| 218|0x000000070da00000, 0x000000070da00000, 0x000000070db00000|  0%| F|  |TS  0|AC  0|TAMS 0x000000070da00000, 0x000000070da00000|
| 219|0x000000070db00000, 0x000000070db00000, 0x000000070dc00000|  0%| F|  |TS  0|AC  0|TAMS 0x000000070db00000, 0x000000070db00000|
| 220|0x000000070dc00000, 0x000000070dc00000, 0x000000070dd00000|  0%| F|  |TS  0|AC  0|TAMS 0x000000070dc00000, 0x000000070dc00000|
| 221|0x000000070dd00000, 0x000000070dd00000, 0x000000070de00000|  0%| F|  |TS  0|AC  0|TAMS 0x000000070dd00000, 0x000000070dd00000|
| 222|0x000000070de00000, 0x000000070de00000, 0x000000070df00000|  0%| F|  |TS  0|AC  0|TAMS 0x000000070de00000, 0x000000070de00000|
| 223|0x000000070df00000, 0x000000070df00000, 0x000000070e000000|  0%| F|  |TS  0|AC  0|TAMS 0x000000070df00000, 0x000000070df00000|
| 224|0x000000070e000000, 0x000000070e000000, 0x000000070e100000|  0%| F|  |TS  0|AC  0|TAMS 0x000000070e000000, 0x000000070e000000|
| 225|0x000000070e100000, 0x000000070e100000, 0x000000070e200000|  0%| F|  |TS  0|AC  0|TAMS 0x000000070e100000, 0x000000070e100000|
| 226|0x000000070e200000, 0x000000070e200000, 0x000000070e300000|  0%| F|  |TS  0|AC  0|TAMS 0x000000070e200000, 0x000000070e200000|
| 227|0x000000070e300000, 0x000000070e300000, 0x000000070e400000|  0%| F|  |TS  0|AC  0|TAMS 0x000000070e300000, 0x000000070e300000|
| 228|0x000000070e400000, 0x000000070e400000, 0x000000070e500000|  0%| F|  |TS  0|AC  0|TAMS 0x000000070e400000, 0x000000070e400000|
| 229|0x000000070e500000, 0x000000070e500000, 0x000000070e600000|  0%| F|  |TS  0|AC  0|TAMS 0x000000070e500000, 0x000000070e500000|
| 230|0x000000070e600000, 0x000000070e600000, 0x000000070e700000|  0%| F|  |TS  0|AC  0|TAMS 0x000000070e600000, 0x000000070e600000|
| 231|0x000000070e700000, 0x000000070e700000, 0x000000070e800000|  0%| F|  |TS  0|AC  0|TAMS 0x000000070e700000, 0x000000070e700000|
| 232|0x000000070e800000, 0x000000070e800000, 0x000000070e900000|  0%| F|  |TS  0|AC  0|TAMS 0x000000070e800000, 0x000000070e800000|
| 233|0x000000070e900000, 0x000000070e900000, 0x000000070ea00000|  0%| F|  |TS  0|AC  0|TAMS 0x000000070e900000, 0x000000070e900000|
| 234|0x000000070ea00000, 0x000000070ea00000, 0x000000070eb00000|  0%| F|  |TS  0|AC  0|TAMS 0x000000070ea00000, 0x000000070ea00000|
| 235|0x000000070eb00000, 0x000000070eb00000, 0x000000070ec00000|  0%| F|  |TS  0|AC  0|TAMS 0x000000070eb00000, 0x000000070eb00000|
| 236|0x000000070ec00000, 0x000000070ec00000, 0x000000070ed00000|  0%| F|  |TS  0|AC  0|TAMS 0x000000070ec00000, 0x000000070ec00000|
| 237|0x000000070ed00000, 0x000000070ed00000, 0x000000070ee00000|  0%| F|  |TS  0|AC  0|TAMS 0x000000070ed00000, 0x000000070ed00000|
| 238|0x000000070ee00000, 0x000000070ee00000, 0x000000070ef00000|  0%| F|  |TS  0|AC  0|TAMS 0x000000070ee00000, 0x000000070ee00000|
| 239|0x000000070ef00000, 0x000000070ef00000, 0x000000070f000000|  0%| F|  |TS  0|AC  0|TAMS 0x000000070ef00000, 0x000000070ef00000|
| 240|0x000000070f000000, 0x000000070f000000, 0x000000070f100000|  0%| F|  |TS  0|AC  0|TAMS 0x000000070f000000, 0x000000070f000000|
| 241|0x000000070f100000, 0x000000070f100000, 0x000000070f200000|  0%| F|  |TS  0|AC  0|TAMS 0x000000070f100000, 0x000000070f100000|
| 242|0x000000070f200000, 0x000000070f200000, 0x000000070f300000|  0%| F|  |TS  0|AC  0|TAMS 0x000000070f200000, 0x000000070f200000|
| 243|0x000000070f300000, 0x000000070f300000, 0x000000070f400000|  0%| F|  |TS  0|AC  0|TAMS 0x000000070f300000, 0x000000070f300000|
| 244|0x000000070f400000, 0x000000070f400000, 0x000000070f500000|  0%| F|  |TS  0|AC  0|TAMS 0x000000070f400000, 0x000000070f400000|
| 245|0x000000070f500000, 0x000000070f500000, 0x000000070f600000|  0%| F|  |TS  0|AC  0|TAMS 0x000000070f500000, 0x000000070f500000|
| 246|0x000000070f600000, 0x000000070f600000, 0x000000070f700000|  0%| F|  |TS  0|AC  0|TAMS 0x000000070f600000, 0x000000070f600000|
| 247|0x000000070f700000, 0x000000070f700000, 0x000000070f800000|  0%| F|  |TS  0|AC  0|TAMS 0x000000070f700000, 0x000000070f700000|
| 248|0x000000070f800000, 0x000000070f800000, 0x000000070f900000|  0%| F|  |TS  0|AC  0|TAMS 0x000000070f800000, 0x000000070f800000|
| 249|0x000000070f900000, 0x000000070f900000, 0x000000070fa00000|  0%| F|  |TS  0|AC  0|TAMS 0x000000070f900000, 0x000000070f900000|
| 250|0x000000070fa00000, 0x000000070fa00000, 0x000000070fb00000|  0%| F|  |TS  0|AC  0|TAMS 0x000000070fa00000, 0x000000070fa00000|
| 251|0x000000070fb00000, 0x000000070fb00000, 0x000000070fc00000|  0%| F|  |TS  0|AC  0|TAMS 0x000000070fb00000, 0x000000070fb00000|
| 252|0x000000070fc00000, 0x000000070fc00000, 0x000000070fd00000|  0%| F|  |TS  0|AC  0|TAMS 0x000000070fc00000, 0x000000070fc00000|
| 253|0x000000070fd00000, 0x000000070fd00000, 0x000000070fe00000|  0%| F|  |TS  0|AC  0|TAMS 0x000000070fd00000, 0x000000070fd00000|
| 254|0x000000070fe00000, 0x000000070fe00000, 0x000000070ff00000|  0%| F|  |TS  0|AC  0|TAMS 0x000000070fe00000, 0x000000070fe00000|
| 255|0x000000070ff00000, 0x000000070ff00000, 0x0000000710000000|  0%| F|  |TS  0|AC  0|TAMS 0x000000070ff00000, 0x000000070ff00000|
| 256|0x0000000710000000, 0x0000000710000000, 0x0000000710100000|  0%| F|  |TS  0|AC  0|TAMS 0x0000000710000000, 0x0000000710000000|
| 257|0x0000000710100000, 0x0000000710100000, 0x0000000710200000|  0%| F|  |TS  0|AC  0|TAMS 0x0000000710100000, 0x0000000710100000|
| 258|0x0000000710200000, 0x0000000710200000, 0x0000000710300000|  0%| F|  |TS  0|AC  0|TAMS 0x0000000710200000, 0x0000000710200000|
| 259|0x0000000710300000, 0x0000000710300000, 0x0000000710400000|  0%| F|  |TS  0|AC  0|TAMS 0x0000000710300000, 0x0000000710300000|
| 260|0x0000000710400000, 0x0000000710400000, 0x0000000710500000|  0%| F|  |TS  0|AC  0|TAMS 0x0000000710400000, 0x0000000710400000|
| 261|0x0000000710500000, 0x0000000710500000, 0x0000000710600000|  0%| F|  |TS  0|AC  0|TAMS 0x0000000710500000, 0x0000000710500000|
| 262|0x0000000710600000, 0x0000000710600000, 0x0000000710700000|  0%| F|  |TS  0|AC  0|TAMS 0x0000000710600000, 0x0000000710600000|
| 263|0x0000000710700000, 0x0000000710700000, 0x0000000710800000|  0%| F|  |TS  0|AC  0|TAMS 0x0000000710700000, 0x0000000710700000|
| 264|0x0000000710800000, 0x0000000710800000, 0x0000000710900000|  0%| F|  |TS  0|AC  0|TAMS 0x0000000710800000, 0x0000000710800000|
| 265|0x0000000710900000, 0x0000000710900000, 0x0000000710a00000|  0%| F|  |TS  0|AC  0|TAMS 0x0000000710900000, 0x0000000710900000|
| 266|0x0000000710a00000, 0x0000000710a00000, 0x0000000710b00000|  0%| F|  |TS  0|AC  0|TAMS 0x0000000710a00000, 0x0000000710a00000|
| 267|0x0000000710b00000, 0x0000000710b00000, 0x0000000710c00000|  0%| F|  |TS  0|AC  0|TAMS 0x0000000710b00000, 0x0000000710b00000|
| 268|0x0000000710c00000, 0x0000000710c00000, 0x0000000710d00000|  0%| F|  |TS  0|AC  0|TAMS 0x0000000710c00000, 0x0000000710c00000|
| 269|0x0000000710d00000, 0x0000000710d00000, 0x0000000710e00000|  0%| F|  |TS 25|AC  0|TAMS 0x0000000710d00000, 0x0000000710d00000|
| 270|0x0000000710e00000, 0x0000000710e610e0, 0x0000000710f00000| 37%| S|CS|TS 25|AC  0|TAMS 0x0000000710e00000, 0x0000000710e00000|
| 271|0x0000000710f00000, 0x0000000710f00000, 0x0000000711000000|  0%| F|  |TS 25|AC  0|TAMS 0x0000000710f00000, 0x0000000710f00000|
| 272|0x0000000711000000, 0x0000000711100000, 0x0000000711100000|100%| S|CS|TS 25|AC  0|TAMS 0x0000000711000000, 0x0000000711000000|
| 273|0x0000000711100000, 0x0000000711100000, 0x0000000711200000|  0%| F|  |TS 25|AC  0|TAMS 0x0000000711100000, 0x0000000711100000|
| 274|0x0000000711200000, 0x0000000711200000, 0x0000000711300000|  0%| F|  |TS 25|AC  0|TAMS 0x0000000711200000, 0x0000000711200000|
| 275|0x0000000711300000, 0x0000000711300000, 0x0000000711400000|  0%| F|  |TS 25|AC  0|TAMS 0x0000000711300000, 0x0000000711300000|
| 276|0x0000000711400000, 0x0000000711400000, 0x0000000711500000|  0%| F|  |TS 25|AC  0|TAMS 0x0000000711400000, 0x0000000711400000|
| 277|0x0000000711500000, 0x0000000711500000, 0x0000000711600000|  0%| F|  |TS 25|AC  0|TAMS 0x0000000711500000, 0x0000000711500000|
| 278|0x0000000711600000, 0x0000000711600000, 0x0000000711700000|  0%| F|  |TS 25|AC  0|TAMS 0x0000000711600000, 0x0000000711600000|
| 279|0x0000000711700000, 0x0000000711700000, 0x0000000711800000|  0%| F|  |TS 25|AC  0|TAMS 0x0000000711700000, 0x0000000711700000|
| 280|0x0000000711800000, 0x0000000711800000, 0x0000000711900000|  0%| F|  |TS 25|AC  0|TAMS 0x0000000711800000, 0x0000000711800000|
| 281|0x0000000711900000, 0x0000000711900000, 0x0000000711a00000|  0%| F|  |TS 25|AC  0|TAMS 0x0000000711900000, 0x0000000711900000|
| 282|0x0000000711a00000, 0x0000000711a00000, 0x0000000711b00000|  0%| F|  |TS 25|AC  0|TAMS 0x0000000711a00000, 0x0000000711a00000|
| 283|0x0000000711b00000, 0x0000000711b00000, 0x0000000711c00000|  0%| F|  |TS 25|AC  0|TAMS 0x0000000711b00000, 0x0000000711b00000|
| 284|0x0000000711c00000, 0x0000000711c00000, 0x0000000711d00000|  0%| F|  |TS 25|AC  0|TAMS 0x0000000711c00000, 0x0000000711c00000|
| 285|0x0000000711d00000, 0x0000000711d00000, 0x0000000711e00000|  0%| F|  |TS 25|AC  0|TAMS 0x0000000711d00000, 0x0000000711d00000|
| 286|0x0000000711e00000, 0x0000000711e00000, 0x0000000711f00000|  0%| F|  |TS 25|AC  0|TAMS 0x0000000711e00000, 0x0000000711e00000|
| 287|0x0000000711f00000, 0x0000000711f00000, 0x0000000712000000|  0%| F|  |TS 25|AC  0|TAMS 0x0000000711f00000, 0x0000000711f00000|
| 288|0x0000000712000000, 0x0000000712000000, 0x0000000712100000|  0%| F|  |TS 25|AC  0|TAMS 0x0000000712000000, 0x0000000712000000|
| 289|0x0000000712100000, 0x0000000712100000, 0x0000000712200000|  0%| F|  |TS 25|AC  0|TAMS 0x0000000712100000, 0x0000000712100000|
| 290|0x0000000712200000, 0x0000000712200000, 0x0000000712300000|  0%| F|  |TS 25|AC  0|TAMS 0x0000000712200000, 0x0000000712200000|
| 291|0x0000000712300000, 0x0000000712300000, 0x0000000712400000|  0%| F|  |TS 25|AC  0|TAMS 0x0000000712300000, 0x0000000712300000|
| 292|0x0000000712400000, 0x0000000712400000, 0x0000000712500000|  0%| F|  |TS 25|AC  0|TAMS 0x0000000712400000, 0x0000000712400000|
| 293|0x0000000712500000, 0x0000000712500000, 0x0000000712600000|  0%| F|  |TS 25|AC  0|TAMS 0x0000000712500000, 0x0000000712500000|
| 294|0x0000000712600000, 0x0000000712600000, 0x0000000712700000|  0%| F|  |TS 25|AC  0|TAMS 0x0000000712600000, 0x0000000712600000|
| 295|0x0000000712700000, 0x0000000712700000, 0x0000000712800000|  0%| F|  |TS 25|AC  0|TAMS 0x0000000712700000, 0x0000000712700000|
| 296|0x0000000712800000, 0x0000000712800000, 0x0000000712900000|  0%| F|  |TS 25|AC  0|TAMS 0x0000000712800000, 0x0000000712800000|
| 297|0x0000000712900000, 0x0000000712900000, 0x0000000712a00000|  0%| F|  |TS 25|AC  0|TAMS 0x0000000712900000, 0x0000000712900000|
| 298|0x0000000712a00000, 0x0000000712a35708, 0x0000000712b00000| 20%| E|  |TS 25|AC  0|TAMS 0x0000000712a00000, 0x0000000712a00000|
| 299|0x0000000712b00000, 0x0000000712c00000, 0x0000000712c00000|100%| E|CS|TS 25|AC  0|TAMS 0x0000000712b00000, 0x0000000712b00000|
| 300|0x0000000712c00000, 0x0000000712d00000, 0x0000000712d00000|100%| E|CS|TS 25|AC  0|TAMS 0x0000000712c00000, 0x0000000712c00000|
| 301|0x0000000712d00000, 0x0000000712e00000, 0x0000000712e00000|100%| E|CS|TS 25|AC  0|TAMS 0x0000000712d00000, 0x0000000712d00000|
| 302|0x0000000712e00000, 0x0000000712f00000, 0x0000000712f00000|100%| E|CS|TS 25|AC  0|TAMS 0x0000000712e00000, 0x0000000712e00000|
| 303|0x0000000712f00000, 0x0000000713000000, 0x0000000713000000|100%| E|CS|TS 25|AC  0|TAMS 0x0000000712f00000, 0x0000000712f00000|
| 304|0x0000000713000000, 0x0000000713100000, 0x0000000713100000|100%| E|CS|TS 25|AC  0|TAMS 0x0000000713000000, 0x0000000713000000|
| 305|0x0000000713100000, 0x0000000713200000, 0x0000000713200000|100%| E|CS|TS 25|AC  0|TAMS 0x0000000713100000, 0x0000000713100000|
| 306|0x0000000713200000, 0x0000000713300000, 0x0000000713300000|100%| E|CS|TS 25|AC  0|TAMS 0x0000000713200000, 0x0000000713200000|
| 307|0x0000000713300000, 0x0000000713400000, 0x0000000713400000|100%| E|CS|TS 25|AC  0|TAMS 0x0000000713300000, 0x0000000713300000|
| 308|0x0000000713400000, 0x0000000713500000, 0x0000000713500000|100%| E|CS|TS 25|AC  0|TAMS 0x0000000713400000, 0x0000000713400000|
| 309|0x0000000713500000, 0x0000000713600000, 0x0000000713600000|100%| E|CS|TS 25|AC  0|TAMS 0x0000000713500000, 0x0000000713500000|
| 310|0x0000000713600000, 0x0000000713700000, 0x0000000713700000|100%| E|CS|TS 25|AC  0|TAMS 0x0000000713600000, 0x0000000713600000|
| 311|0x0000000713700000, 0x0000000713800000, 0x0000000713800000|100%| E|CS|TS 25|AC  0|TAMS 0x0000000713700000, 0x0000000713700000|
| 312|0x0000000713800000, 0x0000000713900000, 0x0000000713900000|100%| E|CS|TS 25|AC  0|TAMS 0x0000000713800000, 0x0000000713800000|
| 313|0x0000000713900000, 0x0000000713a00000, 0x0000000713a00000|100%| E|CS|TS 25|AC  0|TAMS 0x0000000713900000, 0x0000000713900000|
| 314|0x0000000713a00000, 0x0000000713b00000, 0x0000000713b00000|100%| E|CS|TS 25|AC  0|TAMS 0x0000000713a00000, 0x0000000713a00000|
| 315|0x0000000713b00000, 0x0000000713c00000, 0x0000000713c00000|100%| E|CS|TS 25|AC  0|TAMS 0x0000000713b00000, 0x0000000713b00000|
| 316|0x0000000713c00000, 0x0000000713d00000, 0x0000000713d00000|100%| E|CS|TS 25|AC  0|TAMS 0x0000000713c00000, 0x0000000713c00000|
| 317|0x0000000713d00000, 0x0000000713e00000, 0x0000000713e00000|100%| E|CS|TS 25|AC  0|TAMS 0x0000000713d00000, 0x0000000713d00000|
| 318|0x0000000713e00000, 0x0000000713f00000, 0x0000000713f00000|100%| E|CS|TS 25|AC  0|TAMS 0x0000000713e00000, 0x0000000713e00000|
| 319|0x0000000713f00000, 0x0000000714000000, 0x0000000714000000|100%| E|CS|TS 25|AC  0|TAMS 0x0000000713f00000, 0x0000000713f00000|
| 320|0x0000000714000000, 0x0000000714100000, 0x0000000714100000|100%| E|CS|TS 25|AC  0|TAMS 0x0000000714000000, 0x0000000714000000|
| 321|0x0000000714100000, 0x0000000714200000, 0x0000000714200000|100%| E|CS|TS 25|AC  0|TAMS 0x0000000714100000, 0x0000000714100000|
| 322|0x0000000714200000, 0x0000000714300000, 0x0000000714300000|100%| E|CS|TS 25|AC  0|TAMS 0x0000000714200000, 0x0000000714200000|
| 323|0x0000000714300000, 0x0000000714400000, 0x0000000714400000|100%| E|CS|TS 25|AC  0|TAMS 0x0000000714300000, 0x0000000714300000|
| 324|0x0000000714400000, 0x0000000714500000, 0x0000000714500000|100%| E|CS|TS 25|AC  0|TAMS 0x0000000714400000, 0x0000000714400000|
| 325|0x0000000714500000, 0x0000000714600000, 0x0000000714600000|100%| E|CS|TS 25|AC  0|TAMS 0x0000000714500000, 0x0000000714500000|
| 326|0x0000000714600000, 0x0000000714700000, 0x0000000714700000|100%| E|CS|TS 25|AC  0|TAMS 0x0000000714600000, 0x0000000714600000|
| 327|0x0000000714700000, 0x0000000714800000, 0x0000000714800000|100%| E|CS|TS 25|AC  0|TAMS 0x0000000714700000, 0x0000000714700000|
| 328|0x0000000714800000, 0x0000000714900000, 0x0000000714900000|100%| E|CS|TS 25|AC  0|TAMS 0x0000000714800000, 0x0000000714800000|
| 329|0x0000000714900000, 0x0000000714a00000, 0x0000000714a00000|100%| E|CS|TS 25|AC  0|TAMS 0x0000000714900000, 0x0000000714900000|
| 330|0x0000000714a00000, 0x0000000714b00000, 0x0000000714b00000|100%| E|CS|TS 25|AC  0|TAMS 0x0000000714a00000, 0x0000000714a00000|

Card table byte_map: [0x000001a0d1890000,0x000001a0d1e90000] byte_map_base: 0x000001a0ce090000

Marking Bits (Prev, Next): (CMBitMap*) 0x000001a0b737e880, (CMBitMap*) 0x000001a0b737e8b8
 Prev Bits: [0x000001a0d2490000, 0x000001a0d5490000)
 Next Bits: [0x000001a0d5490000, 0x000001a0d8490000)

Polling page: 0x000001a0af020000

CodeHeap 'non-profiled nmethods': size=120000Kb used=27732Kb max_used=29089Kb free=92267Kb
 bounds [0x000001a0ca360000, 0x000001a0cbfd0000, 0x000001a0d1890000]
CodeHeap 'profiled nmethods': size=120000Kb used=47582Kb max_used=54166Kb free=72417Kb
 bounds [0x000001a0c2e30000, 0x000001a0c6380000, 0x000001a0ca360000]
CodeHeap 'non-nmethods': size=5760Kb used=1894Kb max_used=1952Kb free=3865Kb
 bounds [0x000001a0c2890000, 0x000001a0c2b00000, 0x000001a0c2e30000]
 total_blobs=42596 nmethods=20921 adapters=1281
 compilation: enabled

Compilation events (10 events):
Event: 5503.613 Thread 0x000001a0b7dc4800 28614       3       sun.awt.util.IdentityArrayList::ensureCapacity (58 bytes)
Event: 5503.614 Thread 0x000001a0b7dc4800 nmethod 28614 0x000001a0c30ffb90 code [0x000001a0c30ffd60, 0x000001a0c3100130]
Event: 5503.627 Thread 0x000001a0b7dc4800 28615       1       java.awt.Dialog::getModalityType (5 bytes)
Event: 5503.627 Thread 0x000001a0b7dc4800 nmethod 28615 0x000001a0cada2e90 code [0x000001a0cada3040, 0x000001a0cada3158]
Event: 5503.633 Thread 0x000001a0b7dc4800 28616       3       java.awt.event.WindowAdapter::windowActivated (1 bytes)
Event: 5503.633 Thread 0x000001a0b7dc4800 nmethod 28616 0x000001a0c2f01c90 code [0x000001a0c2f01e40, 0x000001a0c2f01f98]
Event: 5504.042 Thread 0x000001a0b7dc4800 28617       3       java.awt.GradientPaint::<init> (63 bytes)
Event: 5504.042 Thread 0x000001a0b7dc4800 nmethod 28617 0x000001a0c3112410 code [0x000001a0c3112620, 0x000001a0c3112d90]
Event: 5504.941 Thread 0x000001a0b7dc4800 28618       3       ui.views.V.a.aX::paint (326 bytes)
Event: 5504.943 Thread 0x000001a0b7dc4800 nmethod 28618 0x000001a0c3740310 code [0x000001a0c3740740, 0x000001a0c3742c40]

GC Heap History (10 events):
Event: 5464.114 GC heap before
{Heap before GC invocations=906 (full 263):
 garbage-first heap   total 338944K, used 188288K [0x0000000700000000, 0x0000000700100a58, 0x00000007c0000000)
  region size 1024K, 60 young (61440K), 1 survivors (1024K)
 Metaspace       used 98573K, capacity 101173K, committed 108504K, reserved 1142784K
  class space    used 13303K, capacity 13827K, committed 15360K, reserved 1048576K
}
Event: 5464.148 GC heap after
{Heap after GC invocations=907 (full 263):
 garbage-first heap   total 338944K, used 127864K [0x0000000700000000, 0x0000000700100a58, 0x00000007c0000000)
  region size 1024K, 1 young (1024K), 1 survivors (1024K)
 Metaspace       used 98573K, capacity 101173K, committed 108504K, reserved 1142784K
  class space    used 13303K, capacity 13827K, committed 15360K, reserved 1048576K
}
Event: 5467.370 GC heap before
{Heap before GC invocations=907 (full 263):
 garbage-first heap   total 338944K, used 188280K [0x0000000700000000, 0x0000000700100a58, 0x00000007c0000000)
  region size 1024K, 60 young (61440K), 1 survivors (1024K)
 Metaspace       used 98573K, capacity 101173K, committed 108504K, reserved 1142784K
  class space    used 13303K, capacity 13827K, committed 15360K, reserved 1048576K
}
Event: 5467.373 GC heap after
{Heap after GC invocations=908 (full 263):
 garbage-first heap   total 338944K, used 127888K [0x0000000700000000, 0x0000000700100a58, 0x00000007c0000000)
  region size 1024K, 1 young (1024K), 1 survivors (1024K)
 Metaspace       used 98573K, capacity 101173K, committed 108504K, reserved 1142784K
  class space    used 13303K, capacity 13827K, committed 15360K, reserved 1048576K
}
Event: 5483.747 GC heap before
{Heap before GC invocations=908 (full 263):
 garbage-first heap   total 338944K, used 188304K [0x0000000700000000, 0x0000000700100a58, 0x00000007c0000000)
  region size 1024K, 60 young (61440K), 1 survivors (1024K)
 Metaspace       used 98933K, capacity 101681K, committed 108760K, reserved 1142784K
  class space    used 13352K, capacity 13905K, committed 15360K, reserved 1048576K
}
Event: 5483.759 GC heap after
{Heap after GC invocations=909 (full 263):
 garbage-first heap   total 338944K, used 127994K [0x0000000700000000, 0x0000000700100a58, 0x00000007c0000000)
  region size 1024K, 1 young (1024K), 1 survivors (1024K)
 Metaspace       used 98933K, capacity 101681K, committed 108760K, reserved 1142784K
  class space    used 13352K, capacity 13905K, committed 15360K, reserved 1048576K
}
Event: 5501.911 GC heap before
{Heap before GC invocations=909 (full 263):
 garbage-first heap   total 338944K, used 188410K [0x0000000700000000, 0x0000000700100a58, 0x00000007c0000000)
  region size 1024K, 60 young (61440K), 1 survivors (1024K)
 Metaspace       used 99107K, capacity 101885K, committed 109016K, reserved 1142784K
  class space    used 13368K, capacity 13907K, committed 15360K, reserved 1048576K
}
Event: 5501.960 GC heap after
{Heap after GC invocations=910 (full 263):
 garbage-first heap   total 338944K, used 128759K [0x0000000700000000, 0x0000000700100a58, 0x00000007c0000000)
  region size 1024K, 2 young (2048K), 2 survivors (2048K)
 Metaspace       used 99107K, capacity 101885K, committed 109016K, reserved 1142784K
  class space    used 13368K, capacity 13907K, committed 15360K, reserved 1048576K
}
Event: 5502.217 GC heap before
{Heap before GC invocations=910 (full 263):
 garbage-first heap   total 338944K, used 188151K [0x0000000700000000, 0x0000000700100a58, 0x00000007c0000000)
  region size 1024K, 60 young (61440K), 2 survivors (2048K)
 Metaspace       used 99107K, capacity 101885K, committed 109016K, reserved 1142784K
  class space    used 13368K, capacity 13907K, committed 15360K, reserved 1048576K
}
Event: 5502.237 GC heap after
{Heap after GC invocations=911 (full 263):
 garbage-first heap   total 338944K, used 128428K [0x0000000700000000, 0x0000000700100a58, 0x00000007c0000000)
  region size 1024K, 2 young (2048K), 2 survivors (2048K)
 Metaspace       used 99107K, capacity 101885K, committed 109016K, reserved 1142784K
  class space    used 13368K, capacity 13907K, committed 15360K, reserved 1048576K
}

Deoptimization events (10 events):
Event: 5481.497 Thread 0x000001a0db739000 Uncommon trap: reason=unstable_if action=reinterpret pc=0x000001a0cb5c24dc method=sun.font.FontDesignMetrics.charWidth(C)I @ 4 c2
Event: 5481.874 Thread 0x000001a0db739000 Uncommon trap: reason=unstable_if action=reinterpret pc=0x000001a0cbe848b0 method=ui.views.V.a.ap.a(Ljava/awt/Graphics;II)V @ 253 c2
Event: 5486.218 Thread 0x000001a0db739000 Uncommon trap: reason=unstable_if action=reinterpret pc=0x000001a0cb7a4c54 method=java.lang.invoke.MethodTypeForm.<init>(Ljava/lang/invoke/MethodType;)V @ 183 c2
Event: 5489.203 Thread 0x000001a0db739000 Uncommon trap: reason=unstable_if action=reinterpret pc=0x000001a0cacfc390 method=javax.swing.text.GapContent.getPositionsInRange(Ljava/util/Vector;II)Ljava/util/Vector; @ 44 c2
Event: 5492.025 Thread 0x000001a0db739000 Uncommon trap: reason=unstable_if action=reinterpret pc=0x000001a0cbb3b1e0 method=com.jidesoft.editor.CodeEditorPainter.paintLine(Ljava/awt/Graphics;Lcom/jidesoft/editor/tokenmarker/TokenMarker;IILcom/jidesoft/editor/caret/CaretPosition;Lcom/jidesoft/edit
Event: 5492.025 Thread 0x000001a0db739000 Uncommon trap: reason=unstable_if action=reinterpret pc=0x000001a0cb8cbf58 method=com.jidesoft.editor.CodeEditor._offsetToX(I)I @ 157 c2
Event: 5501.975 Thread 0x000001a0db739000 Uncommon trap: reason=bimorphic_or_optimized_type_check action=maybe_recompile pc=0x000001a0cbe966dc method=ui.frmwork.a.epB()Z @ 14 c2
Event: 5501.976 Thread 0x000001a0db739000 Uncommon trap: reason=bimorphic_or_optimized_type_check action=maybe_recompile pc=0x000001a0cbe966dc method=ui.frmwork.a.epB()Z @ 14 c2
Event: 5501.976 Thread 0x000001a0db739000 Uncommon trap: reason=bimorphic_or_optimized_type_check action=maybe_recompile pc=0x000001a0cbe966dc method=ui.frmwork.a.epB()Z @ 14 c2
Event: 5501.976 Thread 0x000001a0db739000 Uncommon trap: reason=bimorphic_or_optimized_type_check action=maybe_recompile pc=0x000001a0cbe966dc method=ui.frmwork.a.epB()Z @ 14 c2

Classes redefined (0 events):
No events

Internal exceptions (10 events):
Event: 4584.049 Thread 0x000001a0df014000 Implicit null exception at 0x000001a0ca7640ac to 0x000001a0ca764159
Event: 4584.049 Thread 0x000001a0df014000 Exception <a 'java/lang/NoSuchMethodError'{0x0000000712f660e0}: java.lang.invoke.DelegatingMethodHandle$Holder.reinvoke_L(Ljava/lang/Object;IILjava/lang/Object;JI)Ljava/lang/Object;> (0x0000000712f660e0) thrown at [t:/workspace/hotspot/src/share/vm/interp
Event: 5476.483 Thread 0x000001a0db739000 Implicit null exception at 0x000001a0ca8e6ac7 to 0x000001a0ca8e8ba1
Event: 5479.162 Thread 0x000001a0db739000 Exception <a 'java/lang/NoSuchMethodError'{0x0000000711f40690}: method resolution failed> (0x0000000711f40690) thrown at [t:/workspace/hotspot/src/share/vm/prims/methodHandles.cpp, line 1256]
Event: 5479.197 Thread 0x000001a0db739000 Implicit null exception at 0x000001a0ca8890ef to 0x000001a0ca8893c9
Event: 5479.200 Thread 0x000001a0db739000 Exception <a 'java/lang/NoSuchMethodError'{0x0000000711fd6eb0}: java.lang.invoke.DelegatingMethodHandle$Holder.reinvoke_L(Ljava/lang/Object;IILjava/lang/Object;Ljava/lang/Object;I)Ljava/lang/Object;> (0x0000000711fd6eb0) thrown at [t:/workspace/hotspot/sr
Event: 5479.200 Thread 0x000001a0db739000 Implicit null exception at 0x000001a0cb5a2b2a to 0x000001a0cb5a3b31
Event: 5499.402 Thread 0x000001a1088b6800 Exception <a 'java/lang/InterruptedException'{0x0000000711f8e7a8}: sleep interrupted> (0x0000000711f8e7a8) thrown at [t:/workspace/hotspot/src/share/vm/prims/jvm.cpp, line 2984]
Event: 5499.403 Thread 0x000001a1088b6800 Exception <a 'java/lang/InterruptedException'{0x0000000711f9c008}: sleep interrupted> (0x0000000711f9c008) thrown at [t:/workspace/hotspot/src/share/vm/prims/jvm.cpp, line 2984]
Event: 5500.839 Thread 0x000001a081876800 Exception <a 'java/lang/InterruptedException'{0x0000000711c848e0}: sleep interrupted> (0x0000000711c848e0) thrown at [t:/workspace/hotspot/src/share/vm/prims/jvm.cpp, line 3023]

Events (10 events):
Event: 5504.404 Thread 0x000001a081875000 Thread added: 0x000001a081875000
Event: 5504.406 Executing VM operation: RevokeBias
Event: 5504.407 Executing VM operation: RevokeBias done
Event: 5504.407 Thread 0x000001a1088b4000 Thread exited: 0x000001a1088b4000
Event: 5504.407 Thread 0x000001a081875000 Thread exited: 0x000001a081875000
Event: 5504.945 Thread 0x000001a08187c800 Thread exited: 0x000001a08187c800
Event: 5505.404 Thread 0x000001a081875000 Thread added: 0x000001a081875000
Event: 5505.431 Thread 0x000001a081875000 Thread exited: 0x000001a081875000
Event: 5506.404 Thread 0x000001a081875000 Thread added: 0x000001a081875000
Event: 5506.410 Thread 0x000001a081875000 Thread exited: 0x000001a081875000


Dynamic libraries:
0x00007ff6dece0000 - 0x00007ff6ded10000 	C:\Xilinx\Vivado\2019.2\bin\unwrapped\win64.o\vivado.exe
0x00007ff9cdf40000 - 0x00007ff9ce130000 	C:\WINDOWS\SYSTEM32\ntdll.dll
0x00007ff9ccc00000 - 0x00007ff9cccb2000 	C:\WINDOWS\System32\KERNEL32.DLL
0x00007ff9cbd20000 - 0x00007ff9cbfc3000 	C:\WINDOWS\System32\KERNELBASE.dll
0x00007ff9c8c10000 - 0x00007ff9c8c9f000 	C:\WINDOWS\SYSTEM32\apphelp.dll
0x00007ff9cb730000 - 0x00007ff9cb82a000 	C:\WINDOWS\System32\ucrtbase.dll
0x00007ff9a43a0000 - 0x00007ff9a4447000 	C:\WINDOWS\SYSTEM32\MSVCP140.dll
0x00007ff9a4fa0000 - 0x00007ff9a4fb6000 	C:\WINDOWS\SYSTEM32\VCRUNTIME140.dll
0x00007ff9c8430000 - 0x00007ff9c8444000 	C:\Xilinx\Vivado\2019.2\lib\win64.o\libboost_signals.dll
0x00007ff9c8410000 - 0x00007ff9c8426000 	C:\Xilinx\Vivado\2019.2\lib\win64.o\librdi_commonmain.dll
0x00007ff9c83e0000 - 0x00007ff9c8406000 	C:\Xilinx\Vivado\2019.2\lib\win64.o\libboost_filesystem.dll
0x00007ff9cd080000 - 0x00007ff9cd123000 	C:\WINDOWS\System32\ADVAPI32.dll
0x00007ff9cd2a0000 - 0x00007ff9cd33e000 	C:\WINDOWS\System32\msvcrt.dll
0x00007ff9cc4c0000 - 0x00007ff9cc557000 	C:\WINDOWS\System32\sechost.dll
0x00007ff9cdc10000 - 0x00007ff9cdd30000 	C:\WINDOWS\System32\RPCRT4.dll
0x00007ff98c7e0000 - 0x00007ff98d723000 	C:\Xilinx\Vivado\2019.2\lib\win64.o\librdi_common.dll
0x00007ff9cca60000 - 0x00007ff9ccbf4000 	C:\WINDOWS\System32\USER32.dll
0x00007ff9cb980000 - 0x00007ff9cb9a1000 	C:\WINDOWS\System32\win32u.dll
0x00007ff9cca30000 - 0x00007ff9cca56000 	C:\WINDOWS\System32\GDI32.dll
0x00007ff9cbb30000 - 0x00007ff9cbcc4000 	C:\WINDOWS\System32\gdi32full.dll
0x00007ff9cb9b0000 - 0x00007ff9cba4e000 	C:\WINDOWS\System32\msvcp_win.dll
0x00007ff9cd3d0000 - 0x00007ff9cdab5000 	C:\WINDOWS\System32\SHELL32.dll
0x00007ff9cbcd0000 - 0x00007ff9cbd1a000 	C:\WINDOWS\System32\cfgmgr32.dll
0x00007ff9ccf00000 - 0x00007ff9ccfa9000 	C:\WINDOWS\System32\shcore.dll
0x00007ff9c83d0000 - 0x00007ff9c83da000 	C:\Xilinx\Vivado\2019.2\lib\win64.o\librdi_commonversion.dll
0x00007ff9cc0b0000 - 0x00007ff9cc3e6000 	C:\WINDOWS\System32\combase.dll
0x00007ff9cbfd0000 - 0x00007ff9cc050000 	C:\WINDOWS\System32\bcryptPrimitives.dll
0x00007ff9caf90000 - 0x00007ff9cb70f000 	C:\WINDOWS\System32\windows.storage.dll
0x00007ff9cae80000 - 0x00007ff9cae9f000 	C:\WINDOWS\System32\profapi.dll
0x00007ff9caee0000 - 0x00007ff9caf2a000 	C:\WINDOWS\System32\powrprof.dll
0x00007ff9cae70000 - 0x00007ff9cae80000 	C:\WINDOWS\System32\UMPDC.dll
0x00007ff9cc560000 - 0x00007ff9cc5b2000 	C:\WINDOWS\System32\shlwapi.dll
0x00007ff9caec0000 - 0x00007ff9caed1000 	C:\WINDOWS\System32\kernel.appcore.dll
0x00007ff9cb710000 - 0x00007ff9cb727000 	C:\WINDOWS\System32\cryptsp.dll
0x00007ff9cba50000 - 0x00007ff9cba76000 	C:\WINDOWS\System32\bcrypt.dll
0x000000005de60000 - 0x000000005df8b000 	C:\Xilinx\Vivado\2019.2\lib\win64.o\tcl85t.dll
0x00007ff9cde90000 - 0x00007ff9cdeff000 	C:\WINDOWS\System32\WS2_32.dll
0x00007ff9c83c0000 - 0x00007ff9c83cb000 	C:\Xilinx\Vivado\2019.2\lib\win64.o\libboost_system.dll
0x00007ff98c470000 - 0x00007ff98c7de000 	C:\Xilinx\Vivado\2019.2\lib\win64.o\libCOIN-all.dll
0x00007ff9c83a0000 - 0x00007ff9c83b4000 	C:\Xilinx\Vivado\2019.2\lib\win64.o\libboost_date_time.dll
0x00007ff9b8530000 - 0x00007ff9b85af000 	C:\Xilinx\Vivado\2019.2\lib\win64.o\libboost_program_options.dll
0x00007ff99cdc0000 - 0x00007ff99cf61000 	C:\Xilinx\Vivado\2019.2\lib\win64.o\librdi_commonxillic.dll
0x00007ff9c8370000 - 0x00007ff9c8391000 	C:\Xilinx\Vivado\2019.2\lib\win64.o\libboost_thread.dll
0x00007ff9c6670000 - 0x00007ff9c667f000 	C:\Xilinx\Vivado\2019.2\lib\win64.o\libboost_xilinx.dll
0x00007ff9b84a0000 - 0x00007ff9b8522000 	C:\Xilinx\Vivado\2019.2\lib\win64.o\libhdlpsolve.dll
0x00007ff99af20000 - 0x00007ff99afc5000 	C:\Xilinx\Vivado\2019.2\lib\win64.o\libhdxml.dll
0x00007ff9c3700000 - 0x00007ff9c372e000 	C:\Xilinx\Vivado\2019.2\lib\win64.o\libisl_sysinfo.dll
0x00007ff98b870000 - 0x00007ff98c46c200 	C:\Xilinx\Vivado\2019.2\lib\win64.o\libisl_iostreams.dll
0x00007ff998f70000 - 0x00007ff998fd5000 	C:\Xilinx\Vivado\2019.2\lib\win64.o\liblmx6.0.dll
0x00007ff9c4f20000 - 0x00007ff9c4f3a000 	C:\Xilinx\Vivado\2019.2\lib\win64.o\pthreadVC2.dll
0x00007ff9b0a60000 - 0x00007ff9b0a7c000 	C:\Xilinx\Vivado\2019.2\lib\win64.o\librdiconfig.dll
0x00007ff9a2ea0000 - 0x00007ff9a2ec1000 	C:\Xilinx\Vivado\2019.2\lib\win64.o\librdizlib.dll
0x0000000012000000 - 0x0000000012270000 	C:\Xilinx\Vivado\2019.2\lib\win64.o\xerces-c_3_1.dll
0x00007ff9b4d80000 - 0x00007ff9b4d97000 	C:\WINDOWS\SYSTEM32\NETAPI32.dll
0x00007ff9b8770000 - 0x00007ff9b8c46000 	C:\WINDOWS\SYSTEM32\WININET.dll
0x00007ff9c5a00000 - 0x00007ff9c5af0000 	C:\WINDOWS\SYSTEM32\WINHTTP.dll
0x00007ff9bc650000 - 0x00007ff9bc826000 	C:\WINDOWS\SYSTEM32\urlmon.dll
0x00007ff9b9bc0000 - 0x00007ff9b9bc9000 	C:\WINDOWS\SYSTEM32\WSOCK32.dll
0x00007ff998460000 - 0x00007ff998574000 	C:\Xilinx\Vivado\2019.2\lib\win64.o\libboost_regex.dll
0x00007ff9a27e0000 - 0x00007ff9a280e000 	C:\WINDOWS\SYSTEM32\VCOMP140.DLL
0x00007ff98a9d0000 - 0x00007ff98b861000 	C:\Xilinx\Vivado\2019.2\lib\win64.o\gurobi65.dll
0x00007ff98a6f0000 - 0x00007ff98a9cb000 	C:\Xilinx\Vivado\2019.2\lib\win64.o\libXil_lmgr11.dll
0x00007ff9ccfb0000 - 0x00007ff9cd080000 	C:\WINDOWS\System32\COMDLG32.dll
0x00007ff9cc3f0000 - 0x00007ff9cc4b4000 	C:\WINDOWS\System32\OLEAUT32.dll
0x00007ff9cd130000 - 0x00007ff9cd286000 	C:\WINDOWS\System32\ole32.dll
0x00007ff9caf30000 - 0x00007ff9caf8c000 	C:\WINDOWS\System32\WINTRUST.dll
0x00007ff9caea0000 - 0x00007ff9caeb2000 	C:\WINDOWS\System32\MSASN1.dll
0x00007ff9cb830000 - 0x00007ff9cb979000 	C:\WINDOWS\System32\CRYPT32.dll
0x00007ff9c53f0000 - 0x00007ff9c53fd000 	C:\Xilinx\Vivado\2019.2\lib\win64.o\libboost_chrono.dll
0x00007ff9a63b0000 - 0x00007ff9a63cb000 	C:\Xilinx\Vivado\2019.2\lib\win64.o\libboost_iostreams.dll
0x00007ff9a27b0000 - 0x00007ff9a27d5000 	C:\Xilinx\Vivado\2019.2\lib\win64.o\libisl_iosutils.dll
0x00007ff9bcd00000 - 0x00007ff9bcfa6000 	C:\WINDOWS\SYSTEM32\iertutil.dll
0x00007ff9c2980000 - 0x00007ff9c2a29000 	C:\WINDOWS\WinSxS\amd64_microsoft.windows.common-controls_6595b64144ccf1df_5.82.18362.657_none_2a27eafe46699ec9\COMCTL32.dll
0x00007ff9c4af0000 - 0x00007ff9c4b0c000 	C:\WINDOWS\SYSTEM32\dhcpcsvc.DLL
0x00007ff9ccef0000 - 0x00007ff9ccef8000 	C:\WINDOWS\System32\NSI.dll
0x00007ff9ca500000 - 0x00007ff9ca50c000 	C:\WINDOWS\SYSTEM32\NETUTILS.DLL
0x00007ff9ca8b0000 - 0x00007ff9ca8bc000 	C:\WINDOWS\SYSTEM32\CRYPTBASE.DLL
0x00007ff9cdbe0000 - 0x00007ff9cdc0e000 	C:\WINDOWS\System32\IMM32.DLL
0x00007ff98a1d0000 - 0x00007ff98a6e7000 	C:\Xilinx\Vivado\2019.2\lib\win64.o\librdi_commontasks.dll
0x00007ff9c1d50000 - 0x00007ff9c1d5a000 	C:\WINDOWS\SYSTEM32\VERSION.dll
0x00007ff989ee0000 - 0x00007ff98a1c3000 	C:\Xilinx\Vivado\2019.2\lib\win64.o\librdi_sio.dll
0x00007ff9ca3f0000 - 0x00007ff9ca42a000 	C:\WINDOWS\SYSTEM32\IPHLPAPI.DLL
0x000000005d430000 - 0x000000005de55000 	C:\Xilinx\Vivado\2019.2\tps\win64\jre9.0.4\bin\server\jvm.dll
0x00007ff9cd340000 - 0x00007ff9cd348000 	C:\WINDOWS\System32\PSAPI.DLL
0x00007ff9c8250000 - 0x00007ff9c8274000 	C:\WINDOWS\SYSTEM32\WINMM.dll
0x00007ff98eb40000 - 0x00007ff98ec2f000 	C:\WINDOWS\SYSTEM32\MSVCR120.dll
0x00007ff9ca6e0000 - 0x00007ff9ca747000 	C:\WINDOWS\SYSTEM32\MSWSOCK.DLL
0x00007ff9c8220000 - 0x00007ff9c824d000 	C:\WINDOWS\SYSTEM32\winmmbase.dll
0x00007ff987790000 - 0x00007ff989ed5000 	C:\Xilinx\Vivado\2019.2\lib\win64.o\librdi_tcltasks.dll
0x00007ff9872d0000 - 0x00007ff987784000 	C:\Xilinx\Vivado\2019.2\lib\win64.o\librdi_bitstream.dll
0x00007ff987130000 - 0x00007ff9872cd000 	C:\Xilinx\Vivado\2019.2\lib\win64.o\librdi_board.dll
0x00007ff986fd0000 - 0x00007ff987122000 	C:\Xilinx\Vivado\2019.2\lib\win64.o\librdi_cd_client.dll
0x00007ff98f2a0000 - 0x00007ff98f31b000 	C:\Xilinx\Vivado\2019.2\lib\win64.o\librdi_boarddep.dll
0x00007ff986ee0000 - 0x00007ff986fcf000 	C:\Xilinx\Vivado\2019.2\lib\win64.o\librdi_chipscope.dll
0x00007ff986d20000 - 0x00007ff986ee0000 	C:\Xilinx\Vivado\2019.2\lib\win64.o\librdi_chipscopeimpl.dll
0x00007ff984f10000 - 0x00007ff985234000 	C:\Xilinx\Vivado\2019.2\lib\win64.o\librdi_containers.dll
0x00007ff982840000 - 0x00007ff982f19000 	C:\Xilinx\Vivado\2019.2\lib\win64.o\librdi_coregenipxact.dll
0x00007ff985240000 - 0x00007ff986d1a000 	C:\Xilinx\Vivado\2019.2\lib\win64.o\librdi_constraints.dll
0x00007ff982f20000 - 0x00007ff984f10000 	C:\Xilinx\Vivado\2019.2\lib\win64.o\librdi_coregen.dll
0x00007ff97e570000 - 0x00007ff98283b000 	C:\Xilinx\Vivado\2019.2\lib\win64.o\librdi_designutils.dll
0x00007ff969670000 - 0x00007ff9699ba000 	C:\Xilinx\Vivado\2019.2\lib\win64.o\librdi_dlyest.dll
0x00007ff9690a0000 - 0x00007ff96966d000 	C:\Xilinx\Vivado\2019.2\lib\win64.o\librdi_drc.dll
0x00007ff98ea70000 - 0x00007ff98eb34000 	C:\Xilinx\Vivado\2019.2\lib\win64.o\librdi_dsp.dll
0x00007ff968a30000 - 0x00007ff96909b000 	C:\Xilinx\Vivado\2019.2\lib\win64.o\librdi_filemgmt.dll
0x00007ff9699c0000 - 0x00007ff97e56b000 	C:\Xilinx\Vivado\2019.2\lib\win64.o\librdi_device.dll
0x00007ff968720000 - 0x00007ff968a30000 	C:\Xilinx\Vivado\2019.2\lib\win64.o\librdi_guitools.dll
0x00007ff98e520000 - 0x00007ff98e58a000 	C:\Xilinx\Vivado\2019.2\lib\win64.o\librdi_hdf.dll
0x00007ff968500000 - 0x00007ff968720000 	C:\Xilinx\Vivado\2019.2\lib\win64.o\librdi_hip_devdesign.dll
0x00007ff9683b0000 - 0x00007ff9684f8000 	C:\Xilinx\Vivado\2019.2\lib\win64.o\librdi_hip_perf_analysis.dll
0x00007ff966600000 - 0x00007ff966c31000 	C:\Xilinx\Vivado\2019.2\lib\win64.o\librdi_memdata.dll
0x00007ff966580000 - 0x00007ff9665f4000 	C:\Xilinx\Vivado\2019.2\lib\win64.o\librdi_memoryarray.dll
0x00007ff966c40000 - 0x00007ff9683ad000 	C:\Xilinx\Vivado\2019.2\lib\win64.o\librdi_implflow.dll
0x00007ff99cd70000 - 0x00007ff99cdbc000 	C:\Xilinx\Vivado\2019.2\lib\win64.o\librdi_pfi.dll
0x00007ff9630c0000 - 0x00007ff9637a3000 	C:\Xilinx\Vivado\2019.2\lib\win64.o\librdi_netlist.dll
0x00007ff9604d0000 - 0x00007ff9607eb000 	C:\Xilinx\Vivado\2019.2\lib\win64.o\librdi_platform.dll
0x00007ff95fcc0000 - 0x00007ff9604cb000 	C:\Xilinx\Vivado\2019.2\lib\win64.o\librdi_power.dll
0x00007ff9607f0000 - 0x00007ff9630b7000 	C:\Xilinx\Vivado\2019.2\lib\win64.o\librdi_place.dll
0x00007ff95f700000 - 0x00007ff95fcba000 	C:\Xilinx\Vivado\2019.2\lib\win64.o\librdi_project.dll
0x00007ff95e8f0000 - 0x00007ff95efb1000 	C:\Xilinx\Vivado\2019.2\lib\win64.o\librdi_rsb.dll
0x00007ff95efc0000 - 0x00007ff95f6f3000 	C:\Xilinx\Vivado\2019.2\lib\win64.o\librdi_psta.dll
0x00007ff95e4c0000 - 0x00007ff95e8e3000 	C:\Xilinx\Vivado\2019.2\lib\win64.o\librdi_runs.dll
0x00007ff95e240000 - 0x00007ff95e4b5000 	C:\Xilinx\Vivado\2019.2\lib\win64.o\librdi_simdata.dll
0x00007ff95e130000 - 0x00007ff95e238000 	C:\Xilinx\Vivado\2019.2\lib\win64.o\librdi_runsbase.dll
0x00007ff95d100000 - 0x00007ff95d2a0000 	C:\Xilinx\Vivado\2019.2\lib\win64.o\librdi_cd_protocol.dll
0x00007ff95cf50000 - 0x00007ff95d0f1000 	C:\Xilinx\Vivado\2019.2\lib\win64.o\librdi_advchipscopeimpl.dll
0x00007ff99aca0000 - 0x00007ff99acec000 	C:\Xilinx\Vivado\2019.2\lib\win64.o\libboost_serialization.dll
0x00007ff95ce70000 - 0x00007ff95cf47000 	C:\Xilinx\Vivado\2019.2\lib\win64.o\librdi_ipconfig_readwrite.dll
0x00007ff994670000 - 0x00007ff9946ba000 	C:\Xilinx\Vivado\2019.2\lib\win64.o\librdi_noc_frameworks.dll

VM Arguments:
jvm_args: -Dsun.java2d.pmoffscreen=false -Dsun.java2d.xrender=false -Dsun.java2d.d3d=false -Dsun.awt.nopixfmt=true -Dsun.java2d.dpiaware=true -Dsun.java2d.uiScale.enabled=false -Xverify:none -Dswing.aatext=true -XX:-UsePerfData -Djdk.map.althashing.threshold=512 -XX:StringTableSize=4072 --add-opens=java.base/java.nio=ALL-UNNAMED --add-opens=java.desktop/sun.swing=ALL-UNNAMED --add-opens=java.desktop/javax.swing=ALL-UNNAMED --add-opens=java.desktop/javax.swing.tree=ALL-UNNAMED --add-opens=java.desktop/javax.swing.plaf.basic=ALL-UNNAMED --add-opens=java.desktop/javax.swing.plaf.synth=ALL-UNNAMED --add-opens=java.desktop/com.sun.awt=ALL-UNNAMED -XX:NewSize=60m -XX:MaxNewSize=60m -Xms128m -Xmx3072m -Xss5m 
java_command: <unknown>
java_class_path (initial): C:/Xilinx/Vivado/2019.2\lib\classes\alloy.jar;C:/Xilinx/Vivado/2019.2\lib\classes\autoesl-common.jar;C:/Xilinx/Vivado/2019.2\lib\classes\autoesl-models.jar;C:/Xilinx/Vivado/2019.2\lib\classes\autoesl-report.jar;C:/Xilinx/Vivado/2019.2\lib\classes\autopilot.scelaborator.jar;C:/Xilinx/Vivado/2019.2\lib\classes\autopilot.sourceprocessor.jar;C:/Xilinx/Vivado/2019.2\lib\classes\autopilot.tbprocessor.jar;C:/Xilinx/Vivado/2019.2\lib\classes\batik-anim.jar;C:/Xilinx/Vivado/2019.2\lib\classes\batik-awt-util.jar;C:/Xilinx/Vivado/2019.2\lib\classes\batik-bridge.jar;C:/Xilinx/Vivado/2019.2\lib\classes\batik-codec.jar;C:/Xilinx/Vivado/2019.2\lib\classes\batik-css.jar;C:/Xilinx/Vivado/2019.2\lib\classes\batik-dom.jar;C:/Xilinx/Vivado/2019.2\lib\classes\batik-ext.jar;C:/Xilinx/Vivado/2019.2\lib\classes\batik-gui-util.jar;C:/Xilinx/Vivado/2019.2\lib\classes\batik-gvt.jar;C:/Xilinx/Vivado/2019.2\lib\classes\batik-parser.jar;C:/Xilinx/Vivado/2019.2\lib\classes\batik-script.jar;C:/Xilinx/Vivado/2019.2\lib\classes\batik-svg-dom.jar;C:/Xilinx/Vivado/2019.2\lib\classes\batik-swing.jar;C:/Xilinx/Vivado/2019.2\lib\classes\batik-transcoder.jar;C:/Xilinx/Vivado/2019.2\lib\classes\batik-util.jar;C:/Xilinx/Vivado/2019.2\lib\classes\batik-xml.jar;C:/Xilinx/Vivado/2019.2\lib\classes\com.google.gson_2.7.0.v20170129-0911.jar;C:/Xilinx/Vivado/2019.2\lib\classes\com.google.guava_21.0.0.v20170206-1425.jar;C:/Xilinx/Vivado/2019.2\lib\classes\com.ibm.icu_4.4.2.v20110208.jar;C:/Xilinx/Vivado/2019.2\lib\classes\com.sigasi.hdt.connection_4.5.0.201909241521.jar;C:/Xilinx/Vivado/2019.2\lib\classes\com.sigasi.hdt.epl_4.5.0.201909241521.jar;C:/Xilinx/Vivado/2019.2\lib\classes\com.sigasi.hdt.project_4.5.0.201909241521.jar;C:/Xilinx/Vivado/2019.2\lib\classes\com.sigasi.hdt.readonlyfilesystem_4.5.0.201909241521.jar;C:/Xilinx/Vivado/2019.2\lib\classes\com.sigasi.lcm_4.5.0.201909241521.jar;C:/Xilinx/Vivado/2019.2\lib\classes\com.sigasi.sdk.client_4.5.0.201909241521.jar;C:/Xilinx/Vivado
Launcher Type: generic

Logging:
Log output configuration:
#0: stdout all=warning uptime,level,tags
#1: stderr all=off uptime,level,tags

Environment Variables:
PATH=C:/Xilinx/Vivado/2019.2\gnuwin\bin;C:/Xilinx/Vivado/2019.2\gnu\microblaze\nt\bin;C:/Xilinx/Vivado/2019.2/bin;C:/Xilinx/Vivado/2019.2/lib/win64.o;C:/Xilinx/Vivado/2019.2/tps/win64/jre9.0.4/bin/server;C:/Xilinx/Vivado/2019.2/tps/win64/jre9.0.4/bin;C:/Xilinx/Vivado/2019.2/ids_lite/ISE/bin/nt64;C:/Xilinx/Vivado/2019.2/ids_lite/ISE/lib/nt64;C:\Program Files (x86)\Intel\iCLS Client\;C:\Program Files\Intel\iCLS Client\;C:\Windows\system32;C:\Windows;C:\Windows\System32\Wbem;C:\Windows\System32\WindowsPowerShell\v1.0\;C:\Program Files (x86)\Intel\Intel(R) Management Engine Components\DAL;C:\Program Files\Intel\Intel(R) Management Engine Components\DAL;C:\Program Files (x86)\Intel\Intel(R) Management Engine Components\IPT;C:\Program Files\Intel\Intel(R) Management Engine Components\IPT;C:\Program Files (x86)\NVIDIA Corporation\PhysX\Common;C:\Program Files\Intel\WiFi\bin\;C:\Program Files\Common Files\Intel\WirelessCommon\;C:\WINDOWS\System32\OpenSSH\;C:\Program Files\Git\cmd;C:\Users\q1109\AppData\Local\Microsoft\WindowsApps;;C:\Users\q1109\AppData\Local\Programs\Microsoft VS Code\bin;C:/Xilinx/Vivado/2019.2\tps\mingw\6.2.0\win64.o\nt\bin;C:/Xilinx/Vivado/2019.2\tps\mingw\6.2.0\win64.o\nt\libexec\gcc\x86_64-w64-mingw32\6.2.0;C:/Xilinx/Vivado/2019.2\tps\win64\python-2.7.5;C:/Xilinx/Vivado/2019.2\tps\win64\python-2.7.5\bin;C:/Xilinx/Vivado/2019.2\tps\win64\python-2.7.5\lib;C:/Xilinx/Vivado/2019.2\tps\win64\python-2.7.5\Lib\lib-tk;C:/Xilinx/Vivado/2019.2\tps\win64\python-2.7.5\lib\site-packages
USERNAME=q1109
OS=Windows_NT
PROCESSOR_IDENTIFIER=Intel64 Family 6 Model 94 Stepping 3, GenuineIntel



---------------  S Y S T E M  ---------------

OS: Windows 10 , 64 bit Build 18362 (10.0.18362.329)

CPU:total 8 (initial active 8) (4 cores per cpu, 2 threads per core) family 6 model 94 stepping 3, cmov, cx8, fxsr, mmx, sse, sse2, sse3, ssse3, sse4.1, sse4.2, popcnt, avx, avx2, aes, clmul, erms, rtm, 3dnowpref, lzcnt, ht, tsc, tscinvbit, bmi1, bmi2, adx, fma

Memory: 4k page, physical 8175468k(1166920k free), swap 11583340k(1468428k free)

vm_info: Java HotSpot(TM) 64-Bit Server VM (9.0.4+11) for windows-amd64 JRE (9.0.4+11), built on Dec 20 2017 02:18:54 by "mach5one" with MS VC++ 12.0 (VS2013)

END.
